{"/home/travis/build/npmtest/node-npmtest-massive/test.js":{"path":"/home/travis/build/npmtest/node-npmtest-massive/test.js","s":{"1":2,"2":2,"3":2,"4":2,"5":2,"6":2,"7":2,"8":1,"9":2,"10":2,"11":1,"12":1,"13":1,"14":1,"15":2,"16":2,"17":2,"18":2,"19":1,"20":1,"21":2,"22":2,"23":2,"24":1,"25":1,"26":1,"27":1,"28":1,"29":1,"30":1,"31":1,"32":1,"33":1,"34":1,"35":1,"36":1,"37":1,"38":1,"39":2,"40":2,"41":1,"42":2,"43":2,"44":1,"45":2,"46":2,"47":1,"48":2,"49":2,"50":1,"51":1,"52":1,"53":1,"54":1},"b":{"1":[2,1,1,1],"2":[1,1,1,1],"3":[1,1],"4":[1,1],"5":[1,1],"6":[1,1],"7":[1,1],"8":[1,1],"9":[1,1],"10":[1,1,1],"11":[1,1],"12":[1,1],"13":[1,1],"14":[1,1],"15":[1,1],"16":[1,1],"17":[1,1]},"f":{"1":2,"2":2,"3":2,"4":2,"5":2,"6":1,"7":1,"8":1,"9":2,"10":2,"11":2,"12":2,"13":1},"fnMap":{"1":{"name":"(anonymous_1)","line":12,"loc":{"start":{"line":12,"column":1},"end":{"line":12,"column":13}}},"2":{"name":"(anonymous_2)","line":19,"loc":{"start":{"line":19,"column":5},"end":{"line":19,"column":17}}},"3":{"name":"(anonymous_3)","line":23,"loc":{"start":{"line":23,"column":24},"end":{"line":23,"column":36}}},"4":{"name":"(anonymous_4)","line":61,"loc":{"start":{"line":61,"column":5},"end":{"line":61,"column":17}}},"5":{"name":"(anonymous_5)","line":82,"loc":{"start":{"line":82,"column":5},"end":{"line":82,"column":17}}},"6":{"name":"(anonymous_6)","line":91,"loc":{"start":{"line":91,"column":77},"end":{"line":94,"column":10}}},"7":{"name":"(anonymous_7)","line":112,"loc":{"start":{"line":112,"column":83},"end":{"line":115,"column":10}},"skip":true},"8":{"name":"(anonymous_8)","line":123,"loc":{"start":{"line":123,"column":77},"end":{"line":126,"column":10}},"skip":true},"9":{"name":"(anonymous_9)","line":139,"loc":{"start":{"line":139,"column":12},"end":{"line":139,"column":40}},"skip":true},"10":{"name":"(anonymous_10)","line":147,"loc":{"start":{"line":147,"column":77},"end":{"line":150,"column":10}},"skip":true},"11":{"name":"(anonymous_11)","line":158,"loc":{"start":{"line":158,"column":83},"end":{"line":161,"column":10}},"skip":true},"12":{"name":"(anonymous_12)","line":169,"loc":{"start":{"line":169,"column":79},"end":{"line":172,"column":10}},"skip":true},"13":{"name":"(anonymous_13)","line":180,"loc":{"start":{"line":180,"column":75},"end":{"line":183,"column":10}},"skip":true}},"statementMap":{"1":{"start":{"line":12,"column":0},"end":{"line":195,"column":5}},"2":{"start":{"line":14,"column":4},"end":{"line":14,"column":14}},"3":{"start":{"line":19,"column":4},"end":{"line":56,"column":9}},"4":{"start":{"line":21,"column":8},"end":{"line":21,"column":19}},"5":{"start":{"line":23,"column":8},"end":{"line":35,"column":13}},"6":{"start":{"line":24,"column":12},"end":{"line":34,"column":13}},"7":{"start":{"line":25,"column":16},"end":{"line":28,"column":30}},"8":{"start":{"line":30,"column":16},"end":{"line":33,"column":27}},"9":{"start":{"line":37,"column":8},"end":{"line":39,"column":21}},"10":{"start":{"line":40,"column":8},"end":{"line":53,"column":9}},"11":{"start":{"line":43,"column":12},"end":{"line":46,"column":14}},"12":{"start":{"line":47,"column":12},"end":{"line":47,"column":18}},"13":{"start":{"line":50,"column":12},"end":{"line":51,"column":46}},"14":{"start":{"line":52,"column":12},"end":{"line":52,"column":18}},"15":{"start":{"line":55,"column":8},"end":{"line":55,"column":35}},"16":{"start":{"line":61,"column":4},"end":{"line":63,"column":9}},"17":{"start":{"line":62,"column":8},"end":{"line":62,"column":15}},"18":{"start":{"line":64,"column":4},"end":{"line":77,"column":5}},"19":{"start":{"line":70,"column":8},"end":{"line":70,"column":14}},"20":{"start":{"line":76,"column":8},"end":{"line":76,"column":14}},"21":{"start":{"line":82,"column":4},"end":{"line":84,"column":9}},"22":{"start":{"line":83,"column":8},"end":{"line":83,"column":15}},"23":{"start":{"line":85,"column":4},"end":{"line":194,"column":5}},"24":{"start":{"line":91,"column":8},"end":{"line":99,"column":10}},"25":{"start":{"line":98,"column":12},"end":{"line":98,"column":35}},"26":{"start":{"line":102,"column":8},"end":{"line":104,"column":63}},"27":{"start":{"line":105,"column":8},"end":{"line":105,"column":14}},"28":{"start":{"line":112,"column":8},"end":{"line":121,"column":10},"skip":true},"29":{"start":{"line":119,"column":12},"end":{"line":119,"column":55},"skip":true},"30":{"start":{"line":120,"column":12},"end":{"line":120,"column":48},"skip":true},"31":{"start":{"line":123,"column":8},"end":{"line":136,"column":10},"skip":true},"32":{"start":{"line":130,"column":12},"end":{"line":130,"column":76},"skip":true},"33":{"start":{"line":131,"column":12},"end":{"line":131,"column":73},"skip":true},"34":{"start":{"line":132,"column":12},"end":{"line":132,"column":74},"skip":true},"35":{"start":{"line":133,"column":12},"end":{"line":133,"column":79},"skip":true},"36":{"start":{"line":134,"column":12},"end":{"line":134,"column":25},"skip":true},"37":{"start":{"line":135,"column":12},"end":{"line":135,"column":45},"skip":true},"38":{"start":{"line":138,"column":8},"end":{"line":145,"column":14},"skip":true},"39":{"start":{"line":143,"column":16},"end":{"line":143,"column":29},"skip":true},"40":{"start":{"line":144,"column":16},"end":{"line":144,"column":55},"skip":true},"41":{"start":{"line":147,"column":8},"end":{"line":156,"column":10},"skip":true},"42":{"start":{"line":154,"column":12},"end":{"line":154,"column":25},"skip":true},"43":{"start":{"line":155,"column":12},"end":{"line":155,"column":45},"skip":true},"44":{"start":{"line":158,"column":8},"end":{"line":167,"column":10},"skip":true},"45":{"start":{"line":165,"column":12},"end":{"line":165,"column":25},"skip":true},"46":{"start":{"line":166,"column":12},"end":{"line":166,"column":48},"skip":true},"47":{"start":{"line":169,"column":8},"end":{"line":178,"column":10},"skip":true},"48":{"start":{"line":176,"column":12},"end":{"line":176,"column":25},"skip":true},"49":{"start":{"line":177,"column":12},"end":{"line":177,"column":46},"skip":true},"50":{"start":{"line":180,"column":8},"end":{"line":189,"column":10},"skip":true},"51":{"start":{"line":187,"column":12},"end":{"line":187,"column":94},"skip":true},"52":{"start":{"line":188,"column":12},"end":{"line":188,"column":48},"skip":true},"53":{"start":{"line":192,"column":8},"end":{"line":192,"column":35},"skip":true},"54":{"start":{"line":193,"column":8},"end":{"line":193,"column":14},"skip":true}},"branchMap":{"1":{"line":25,"type":"binary-expr","locations":[{"start":{"line":25,"column":23},"end":{"line":25,"column":62}},{"start":{"line":26,"column":20},"end":{"line":26,"column":70}},{"start":{"line":27,"column":20},"end":{"line":27,"column":71}},{"start":{"line":28,"column":20},"end":{"line":28,"column":29}}]},"2":{"line":30,"type":"binary-expr","locations":[{"start":{"line":30,"column":23},"end":{"line":30,"column":37}},{"start":{"line":31,"column":20},"end":{"line":31,"column":61}},{"start":{"line":32,"column":20},"end":{"line":32,"column":70}},{"start":{"line":33,"column":20},"end":{"line":33,"column":26}}]},"3":{"line":37,"type":"cond-expr","locations":[{"start":{"line":38,"column":14},"end":{"line":38,"column":20}},{"start":{"line":39,"column":14},"end":{"line":39,"column":20}}]},"4":{"line":40,"type":"switch","locations":[{"start":{"line":42,"column":8},"end":{"line":47,"column":18}},{"start":{"line":49,"column":8},"end":{"line":52,"column":18}}]},"5":{"line":44,"type":"binary-expr","locations":[{"start":{"line":44,"column":16},"end":{"line":44,"column":44}},{"start":{"line":44,"column":48},"end":{"line":44,"column":66}}]},"6":{"line":50,"type":"binary-expr","locations":[{"start":{"line":50,"column":21},"end":{"line":50,"column":49}},{"start":{"line":50,"column":53},"end":{"line":50,"column":72}}]},"7":{"line":64,"type":"switch","locations":[{"start":{"line":69,"column":4},"end":{"line":70,"column":14}},{"start":{"line":75,"column":4},"end":{"line":76,"column":14}}]},"8":{"line":85,"type":"switch","locations":[{"start":{"line":90,"column":4},"end":{"line":105,"column":14}},{"start":{"line":111,"column":4},"end":{"line":193,"column":14},"skip":true}]},"9":{"line":91,"type":"binary-expr","locations":[{"start":{"line":91,"column":42},"end":{"line":91,"column":73}},{"start":{"line":91,"column":77},"end":{"line":99,"column":9}}]},"10":{"line":102,"type":"binary-expr","locations":[{"start":{"line":102,"column":18},"end":{"line":102,"column":32}},{"start":{"line":103,"column":12},"end":{"line":103,"column":53}},{"start":{"line":104,"column":12},"end":{"line":104,"column":61}}]},"11":{"line":112,"type":"binary-expr","locations":[{"start":{"line":112,"column":45},"end":{"line":112,"column":79},"skip":true},{"start":{"line":112,"column":83},"end":{"line":121,"column":9},"skip":true}]},"12":{"line":123,"type":"binary-expr","locations":[{"start":{"line":123,"column":42},"end":{"line":123,"column":73},"skip":true},{"start":{"line":123,"column":77},"end":{"line":136,"column":9},"skip":true}]},"13":{"line":138,"type":"binary-expr","locations":[{"start":{"line":138,"column":48},"end":{"line":138,"column":85},"skip":true},{"start":{"line":139,"column":12},"end":{"line":145,"column":13},"skip":true}]},"14":{"line":147,"type":"binary-expr","locations":[{"start":{"line":147,"column":42},"end":{"line":147,"column":73},"skip":true},{"start":{"line":147,"column":77},"end":{"line":156,"column":9},"skip":true}]},"15":{"line":158,"type":"binary-expr","locations":[{"start":{"line":158,"column":45},"end":{"line":158,"column":79},"skip":true},{"start":{"line":158,"column":83},"end":{"line":167,"column":9},"skip":true}]},"16":{"line":169,"type":"binary-expr","locations":[{"start":{"line":169,"column":43},"end":{"line":169,"column":75},"skip":true},{"start":{"line":169,"column":79},"end":{"line":178,"column":9},"skip":true}]},"17":{"line":180,"type":"binary-expr","locations":[{"start":{"line":180,"column":41},"end":{"line":180,"column":71},"skip":true},{"start":{"line":180,"column":75},"end":{"line":189,"column":9},"skip":true}]}},"code":["/* istanbul instrument in package npmtest_massive */","/*jslint","    bitwise: true,","    browser: true,","    maxerr: 8,","    maxlen: 96,","    node: true,","    nomen: true,","    regexp: true,","    stupid: true","*/","(function () {","    'use strict';","    var local;","","","","    // run shared js-env code - pre-init","    (function () {","        // init local","        local = {};","        // init modeJs","        local.modeJs = (function () {","            try {","                return typeof navigator.userAgent === 'string' &&","                    typeof document.querySelector('body') === 'object' &&","                    typeof XMLHttpRequest.prototype.open === 'function' &&","                    'browser';","            } catch (errorCaughtBrowser) {","                return module.exports &&","                    typeof process.versions.node === 'string' &&","                    typeof require('http').createServer === 'function' &&","                    'node';","            }","        }());","        // init global","        local.global = local.modeJs === 'browser'","            ? window","            : global;","        switch (local.modeJs) {","        // re-init local from window.local","        case 'browser':","            local = local.global.utility2.objectSetDefault(","                local.global.utility2_rollup || local.global.local,","                local.global.utility2","            );","            break;","        // re-init local from example.js","        case 'node':","            local = (local.global.utility2_rollup || require('utility2'))","                .requireExampleJsFromReadme();","            break;","        }","        // export local","        local.global.local = local;","    }());","","","","    // run shared js-env code - function","    (function () {","        return;","    }());","    switch (local.modeJs) {","","","","    // run browser js-env code - function","    case 'browser':","        break;","","","","    // run node js-env code - function","    case 'node':","        break;","    }","","","","    // run shared js-env code - post-init","    (function () {","        return;","    }());","    switch (local.modeJs) {","","","","    // run browser js-env code - post-init","    case 'browser':","        local.testCase_browser_nullCase = local.testCase_browser_nullCase || function (","            options,","            onError","        ) {","        /*","         * this function will test browsers's null-case handling-behavior-behavior","         */","            onError(null, options);","        };","","        // run tests","        local.nop(local.modeTest &&","            document.querySelector('#testRunButton1') &&","            document.querySelector('#testRunButton1').click());","        break;","","","","    // run node js-env code - post-init","    /* istanbul ignore next */","    case 'node':","        local.testCase_buildApidoc_default = local.testCase_buildApidoc_default || function (","            options,","            onError","        ) {","        /*","         * this function will test buildApidoc's default handling-behavior-behavior","         */","            options = { modulePathList: module.paths };","            local.buildApidoc(options, onError);","        };","","        local.testCase_buildApp_default = local.testCase_buildApp_default || function (","            options,","            onError","        ) {","        /*","         * this function will test buildApp's default handling-behavior-behavior","         */","            local.testCase_buildReadme_default(options, local.onErrorThrow);","            local.testCase_buildLib_default(options, local.onErrorThrow);","            local.testCase_buildTest_default(options, local.onErrorThrow);","            local.testCase_buildCustomOrg_default(options, local.onErrorThrow);","            options = [];","            local.buildApp(options, onError);","        };","","        local.testCase_buildCustomOrg_default = local.testCase_buildCustomOrg_default ||","            function (options, onError) {","            /*","             * this function will test buildCustomOrg's default handling-behavior","             */","                options = {};","                local.buildCustomOrg(options, onError);","            };","","        local.testCase_buildLib_default = local.testCase_buildLib_default || function (","            options,","            onError","        ) {","        /*","         * this function will test buildLib's default handling-behavior","         */","            options = {};","            local.buildLib(options, onError);","        };","","        local.testCase_buildReadme_default = local.testCase_buildReadme_default || function (","            options,","            onError","        ) {","        /*","         * this function will test buildReadme's default handling-behavior-behavior","         */","            options = {};","            local.buildReadme(options, onError);","        };","","        local.testCase_buildTest_default = local.testCase_buildTest_default || function (","            options,","            onError","        ) {","        /*","         * this function will test buildTest's default handling-behavior","         */","            options = {};","            local.buildTest(options, onError);","        };","","        local.testCase_webpage_default = local.testCase_webpage_default || function (","            options,","            onError","        ) {","        /*","         * this function will test webpage's default handling-behavior","         */","            options = { modeCoverageMerge: true, url: local.serverLocalHost + '?modeTest=1' };","            local.browserTest(options, onError);","        };","","        // run test-server","        local.testRunServer(local);","        break;","    }","}());",""],"l":{"12":2,"14":2,"19":2,"21":2,"23":2,"24":2,"25":2,"30":1,"37":2,"40":2,"43":1,"47":1,"50":1,"52":1,"55":2,"61":2,"62":2,"64":2,"70":1,"76":1,"82":2,"83":2,"85":2,"91":1,"98":1,"102":1,"105":1,"112":1,"119":1,"120":1,"123":1,"130":1,"131":1,"132":1,"133":1,"134":1,"135":1,"138":1,"143":2,"144":2,"147":1,"154":2,"155":2,"158":1,"165":2,"166":2,"169":1,"176":2,"177":2,"180":1,"187":1,"188":1,"192":1,"193":1}},"/home/travis/build/npmtest/node-npmtest-massive/lib.npmtest_massive.js":{"path":"/home/travis/build/npmtest/node-npmtest-massive/lib.npmtest_massive.js","s":{"1":2,"2":2,"3":2,"4":2,"5":2,"6":2,"7":2,"8":1,"9":2,"10":2,"11":2,"12":2,"13":1,"14":1,"15":1,"16":1},"b":{"1":[2,1,1,1],"2":[1,1,1,1],"3":[1,1],"4":[2,2],"5":[1,1]},"f":{"1":2,"2":2,"3":2},"fnMap":{"1":{"name":"(anonymous_1)","line":12,"loc":{"start":{"line":12,"column":1},"end":{"line":12,"column":13}}},"2":{"name":"(anonymous_2)","line":19,"loc":{"start":{"line":19,"column":5},"end":{"line":19,"column":17}}},"3":{"name":"(anonymous_3)","line":23,"loc":{"start":{"line":23,"column":24},"end":{"line":23,"column":36}}}},"statementMap":{"1":{"start":{"line":12,"column":0},"end":{"line":53,"column":5}},"2":{"start":{"line":14,"column":4},"end":{"line":14,"column":14}},"3":{"start":{"line":19,"column":4},"end":{"line":52,"column":9}},"4":{"start":{"line":21,"column":8},"end":{"line":21,"column":19}},"5":{"start":{"line":23,"column":8},"end":{"line":35,"column":13}},"6":{"start":{"line":24,"column":12},"end":{"line":34,"column":13}},"7":{"start":{"line":25,"column":16},"end":{"line":28,"column":30}},"8":{"start":{"line":30,"column":16},"end":{"line":33,"column":27}},"9":{"start":{"line":37,"column":8},"end":{"line":39,"column":21}},"10":{"start":{"line":41,"column":8},"end":{"line":41,"column":54}},"11":{"start":{"line":43,"column":8},"end":{"line":43,"column":52}},"12":{"start":{"line":45,"column":8},"end":{"line":51,"column":9}},"13":{"start":{"line":46,"column":12},"end":{"line":46,"column":58}},"14":{"start":{"line":48,"column":12},"end":{"line":48,"column":35}},"15":{"start":{"line":49,"column":12},"end":{"line":49,"column":49}},"16":{"start":{"line":50,"column":12},"end":{"line":50,"column":43}}},"branchMap":{"1":{"line":25,"type":"binary-expr","locations":[{"start":{"line":25,"column":23},"end":{"line":25,"column":62}},{"start":{"line":26,"column":20},"end":{"line":26,"column":70}},{"start":{"line":27,"column":20},"end":{"line":27,"column":71}},{"start":{"line":28,"column":20},"end":{"line":28,"column":29}}]},"2":{"line":30,"type":"binary-expr","locations":[{"start":{"line":30,"column":23},"end":{"line":30,"column":37}},{"start":{"line":31,"column":20},"end":{"line":31,"column":61}},{"start":{"line":32,"column":20},"end":{"line":32,"column":70}},{"start":{"line":33,"column":20},"end":{"line":33,"column":26}}]},"3":{"line":37,"type":"cond-expr","locations":[{"start":{"line":38,"column":14},"end":{"line":38,"column":20}},{"start":{"line":39,"column":14},"end":{"line":39,"column":20}}]},"4":{"line":41,"type":"binary-expr","locations":[{"start":{"line":41,"column":16},"end":{"line":41,"column":44}},{"start":{"line":41,"column":48},"end":{"line":41,"column":53}}]},"5":{"line":45,"type":"if","locations":[{"start":{"line":45,"column":8},"end":{"line":45,"column":8}},{"start":{"line":45,"column":8},"end":{"line":45,"column":8}}]}},"code":["/* istanbul instrument in package npmtest_massive */","/*jslint","    bitwise: true,","    browser: true,","    maxerr: 8,","    maxlen: 96,","    node: true,","    nomen: true,","    regexp: true,","    stupid: true","*/","(function () {","    'use strict';","    var local;","","","","    // run shared js-env code - pre-init","    (function () {","        // init local","        local = {};","        // init modeJs","        local.modeJs = (function () {","            try {","                return typeof navigator.userAgent === 'string' &&","                    typeof document.querySelector('body') === 'object' &&","                    typeof XMLHttpRequest.prototype.open === 'function' &&","                    'browser';","            } catch (errorCaughtBrowser) {","                return module.exports &&","                    typeof process.versions.node === 'string' &&","                    typeof require('http').createServer === 'function' &&","                    'node';","            }","        }());","        // init global","        local.global = local.modeJs === 'browser'","            ? window","            : global;","        // init utility2_rollup","        local = local.global.utility2_rollup || local;","        // init lib","        local.local = local.npmtest_massive = local;","        // init exports","        if (local.modeJs === 'browser') {","            local.global.utility2_npmtest_massive = local;","        } else {","            module.exports = local;","            module.exports.__dirname = __dirname;","            module.exports.module = module;","        }","    }());","}());",""],"l":{"12":2,"14":2,"19":2,"21":2,"23":2,"24":2,"25":2,"30":1,"37":2,"41":2,"43":2,"45":2,"46":1,"48":1,"49":1,"50":1}},"/home/travis/build/npmtest/node-npmtest-massive/example.js":{"path":"/home/travis/build/npmtest/node-npmtest-massive/example.js","s":{"1":2,"2":2,"3":2,"4":2,"5":2,"6":2,"7":2,"8":1,"9":2,"10":2,"11":2,"12":2,"13":1,"14":2,"15":2,"16":2,"17":2,"18":2,"19":0,"20":2,"21":1,"22":1,"23":1,"24":1,"25":1,"26":0,"27":0,"28":1,"29":1,"30":2,"31":0,"32":0,"33":0,"34":1,"35":2,"36":2,"37":3,"38":3,"39":3,"40":3,"41":0,"42":3,"43":3,"44":3,"45":1,"46":3,"47":1,"48":1,"49":1,"50":1,"51":1,"52":1,"53":1,"54":1,"55":1,"56":1,"57":0,"58":1,"59":6,"60":6,"61":1,"62":2,"63":0,"64":2,"65":1,"66":1,"67":0,"68":0,"69":0,"70":0,"71":0,"72":0,"73":0,"74":0,"75":0,"76":0,"77":0,"78":0,"79":0,"80":0,"81":0,"82":0,"83":0},"b":{"1":[2,1,1,1],"2":[1,1,1,1],"3":[1,1],"4":[2,2],"5":[1,1],"6":[1,1],"7":[2,0],"8":[2,1,1,1,1,1],"9":[0,2,0],"10":[1,1],"11":[2,1,1],"12":[1,0],"13":[0,2],"14":[2,0,0,0,0,0,0],"15":[0,3],"16":[3,0],"17":[1,1],"18":[0,1],"19":[1,2,0,2],"20":[1,0],"21":[1,1],"22":[0,0],"23":[0,0],"24":[0,0],"25":[0,0],"26":[0,0],"27":[0,0],"28":[0,0]},"f":{"1":2,"2":2,"3":2,"4":2,"5":2,"6":2,"7":3,"8":3,"9":3,"10":1,"11":6,"12":0},"fnMap":{"1":{"name":"(anonymous_1)","line":26,"loc":{"start":{"line":26,"column":1},"end":{"line":26,"column":13}}},"2":{"name":"(anonymous_2)","line":33,"loc":{"start":{"line":33,"column":5},"end":{"line":33,"column":17}}},"3":{"name":"(anonymous_3)","line":37,"loc":{"start":{"line":37,"column":24},"end":{"line":37,"column":36}}},"4":{"name":"(anonymous_4)","line":69,"loc":{"start":{"line":69,"column":31},"end":{"line":69,"column":48}},"skip":true},"5":{"name":"(anonymous_5)","line":78,"loc":{"start":{"line":78,"column":26},"end":{"line":78,"column":45}},"skip":true},"6":{"name":"(anonymous_6)","line":123,"loc":{"start":{"line":123,"column":33},"end":{"line":123,"column":48}},"skip":true},"7":{"name":"(anonymous_7)","line":125,"loc":{"start":{"line":125,"column":27},"end":{"line":125,"column":39}},"skip":true},"8":{"name":"(anonymous_8)","line":133,"loc":{"start":{"line":133,"column":59},"end":{"line":133,"column":74}},"skip":true},"9":{"name":"(anonymous_9)","line":143,"loc":{"start":{"line":143,"column":45},"end":{"line":143,"column":62}},"skip":true},"10":{"name":"(anonymous_10)","line":144,"loc":{"start":{"line":144,"column":73},"end":{"line":144,"column":92}},"skip":true},"11":{"name":"(anonymous_11)","line":272,"loc":{"start":{"line":272,"column":51},"end":{"line":272,"column":77}},"skip":true},"12":{"name":"(anonymous_12)","line":315,"loc":{"start":{"line":315,"column":32},"end":{"line":315,"column":61}},"skip":true}},"statementMap":{"1":{"start":{"line":26,"column":0},"end":{"line":326,"column":5}},"2":{"start":{"line":28,"column":4},"end":{"line":28,"column":14}},"3":{"start":{"line":33,"column":4},"end":{"line":60,"column":9}},"4":{"start":{"line":35,"column":8},"end":{"line":35,"column":19}},"5":{"start":{"line":37,"column":8},"end":{"line":49,"column":13}},"6":{"start":{"line":38,"column":12},"end":{"line":48,"column":13}},"7":{"start":{"line":39,"column":16},"end":{"line":42,"column":30}},"8":{"start":{"line":44,"column":16},"end":{"line":47,"column":27}},"9":{"start":{"line":51,"column":8},"end":{"line":53,"column":21}},"10":{"start":{"line":55,"column":8},"end":{"line":57,"column":45}},"11":{"start":{"line":59,"column":8},"end":{"line":59,"column":35}},"12":{"start":{"line":61,"column":4},"end":{"line":325,"column":5}},"13":{"start":{"line":69,"column":8},"end":{"line":121,"column":10},"skip":true},"14":{"start":{"line":70,"column":12},"end":{"line":88,"column":13},"skip":true},"15":{"start":{"line":76,"column":16},"end":{"line":87,"column":19},"skip":true},"16":{"start":{"line":79,"column":20},"end":{"line":86,"column":21},"skip":true},"17":{"start":{"line":82,"column":24},"end":{"line":82,"column":43},"skip":true},"18":{"start":{"line":83,"column":24},"end":{"line":83,"column":30},"skip":true},"19":{"start":{"line":85,"column":24},"end":{"line":85,"column":49},"skip":true},"20":{"start":{"line":89,"column":12},"end":{"line":107,"column":13},"skip":true},"21":{"start":{"line":92,"column":16},"end":{"line":102,"column":17},"skip":true},"22":{"start":{"line":93,"column":20},"end":{"line":93,"column":86},"skip":true},"23":{"start":{"line":94,"column":20},"end":{"line":95,"column":45},"skip":true},"24":{"start":{"line":96,"column":20},"end":{"line":96,"column":42},"skip":true},"25":{"start":{"line":97,"column":20},"end":{"line":97,"column":48},"skip":true},"26":{"start":{"line":100,"column":20},"end":{"line":100,"column":85},"skip":true},"27":{"start":{"line":101,"column":20},"end":{"line":101,"column":96},"skip":true},"28":{"start":{"line":103,"column":16},"end":{"line":103,"column":22},"skip":true},"29":{"start":{"line":106,"column":16},"end":{"line":106,"column":22},"skip":true},"30":{"start":{"line":108,"column":12},"end":{"line":120,"column":13},"skip":true},"31":{"start":{"line":114,"column":16},"end":{"line":119,"column":17},"skip":true},"32":{"start":{"line":116,"column":20},"end":{"line":116,"column":78},"skip":true},"33":{"start":{"line":118,"column":20},"end":{"line":118,"column":47},"skip":true},"34":{"start":{"line":123,"column":8},"end":{"line":141,"column":11},"skip":true},"35":{"start":{"line":124,"column":12},"end":{"line":124,"column":54},"skip":true},"36":{"start":{"line":125,"column":12},"end":{"line":140,"column":14},"skip":true},"37":{"start":{"line":126,"column":16},"end":{"line":126,"column":28},"skip":true},"38":{"start":{"line":127,"column":16},"end":{"line":127,"column":69},"skip":true},"39":{"start":{"line":128,"column":16},"end":{"line":128,"column":75},"skip":true},"40":{"start":{"line":129,"column":16},"end":{"line":131,"column":17},"skip":true},"41":{"start":{"line":130,"column":20},"end":{"line":130,"column":27},"skip":true},"42":{"start":{"line":133,"column":16},"end":{"line":137,"column":36},"skip":true},"43":{"start":{"line":134,"column":20},"end":{"line":136,"column":55},"skip":true},"44":{"start":{"line":139,"column":16},"end":{"line":139,"column":57},"skip":true},"45":{"start":{"line":143,"column":8},"end":{"line":147,"column":11},"skip":true},"46":{"start":{"line":144,"column":12},"end":{"line":146,"column":15},"skip":true},"47":{"start":{"line":145,"column":16},"end":{"line":145,"column":70},"skip":true},"48":{"start":{"line":149,"column":8},"end":{"line":149,"column":31},"skip":true},"49":{"start":{"line":150,"column":8},"end":{"line":150,"column":14},"skip":true},"50":{"start":{"line":158,"column":8},"end":{"line":158,"column":31},"skip":true},"51":{"start":{"line":160,"column":8},"end":{"line":160,"column":33},"skip":true},"52":{"start":{"line":161,"column":8},"end":{"line":161,"column":37},"skip":true},"53":{"start":{"line":162,"column":8},"end":{"line":162,"column":35},"skip":true},"54":{"start":{"line":164,"column":8},"end":{"line":164,"column":50},"skip":true},"55":{"start":{"line":166,"column":8},"end":{"line":256,"column":2},"skip":true},"56":{"start":{"line":258,"column":8},"end":{"line":286,"column":9},"skip":true},"57":{"start":{"line":259,"column":12},"end":{"line":269,"column":14},"skip":true},"58":{"start":{"line":271,"column":12},"end":{"line":285,"column":19},"skip":true},"59":{"start":{"line":274,"column":20},"end":{"line":274,"column":35},"skip":true},"60":{"start":{"line":275,"column":20},"end":{"line":284,"column":21},"skip":true},"61":{"start":{"line":277,"column":24},"end":{"line":277,"column":64},"skip":true},"62":{"start":{"line":279,"column":24},"end":{"line":279,"column":40},"skip":true},"63":{"start":{"line":281,"column":24},"end":{"line":281,"column":40},"skip":true},"64":{"start":{"line":283,"column":24},"end":{"line":283,"column":39},"skip":true},"65":{"start":{"line":288,"column":8},"end":{"line":290,"column":9},"skip":true},"66":{"start":{"line":289,"column":12},"end":{"line":289,"column":18},"skip":true},"67":{"start":{"line":291,"column":8},"end":{"line":293,"column":54},"skip":true},"68":{"start":{"line":296,"column":8},"end":{"line":301,"column":37},"skip":true},"69":{"start":{"line":303,"column":8},"end":{"line":303,"column":82},"skip":true},"70":{"start":{"line":306,"column":8},"end":{"line":308,"column":9},"skip":true},"71":{"start":{"line":307,"column":12},"end":{"line":307,"column":82},"skip":true},"72":{"start":{"line":310,"column":8},"end":{"line":312,"column":9},"skip":true},"73":{"start":{"line":311,"column":12},"end":{"line":311,"column":18},"skip":true},"74":{"start":{"line":313,"column":8},"end":{"line":313,"column":54},"skip":true},"75":{"start":{"line":314,"column":8},"end":{"line":314,"column":69},"skip":true},"76":{"start":{"line":315,"column":8},"end":{"line":323,"column":36},"skip":true},"77":{"start":{"line":316,"column":12},"end":{"line":316,"column":61},"skip":true},"78":{"start":{"line":317,"column":12},"end":{"line":320,"column":13},"skip":true},"79":{"start":{"line":318,"column":16},"end":{"line":318,"column":75},"skip":true},"80":{"start":{"line":319,"column":16},"end":{"line":319,"column":23},"skip":true},"81":{"start":{"line":321,"column":12},"end":{"line":321,"column":38},"skip":true},"82":{"start":{"line":322,"column":12},"end":{"line":322,"column":27},"skip":true},"83":{"start":{"line":324,"column":8},"end":{"line":324,"column":14},"skip":true}},"branchMap":{"1":{"line":39,"type":"binary-expr","locations":[{"start":{"line":39,"column":23},"end":{"line":39,"column":62}},{"start":{"line":40,"column":20},"end":{"line":40,"column":70}},{"start":{"line":41,"column":20},"end":{"line":41,"column":71}},{"start":{"line":42,"column":20},"end":{"line":42,"column":29}}]},"2":{"line":44,"type":"binary-expr","locations":[{"start":{"line":44,"column":23},"end":{"line":44,"column":37}},{"start":{"line":45,"column":20},"end":{"line":45,"column":61}},{"start":{"line":46,"column":20},"end":{"line":46,"column":70}},{"start":{"line":47,"column":20},"end":{"line":47,"column":26}}]},"3":{"line":51,"type":"cond-expr","locations":[{"start":{"line":52,"column":14},"end":{"line":52,"column":20}},{"start":{"line":53,"column":14},"end":{"line":53,"column":20}}]},"4":{"line":55,"type":"binary-expr","locations":[{"start":{"line":55,"column":16},"end":{"line":55,"column":44}},{"start":{"line":55,"column":49},"end":{"line":57,"column":43}}]},"5":{"line":55,"type":"cond-expr","locations":[{"start":{"line":56,"column":14},"end":{"line":56,"column":51}},{"start":{"line":57,"column":14},"end":{"line":57,"column":43}}]},"6":{"line":61,"type":"switch","locations":[{"start":{"line":68,"column":4},"end":{"line":150,"column":14},"skip":true},{"start":{"line":156,"column":4},"end":{"line":324,"column":14},"skip":true}]},"7":{"line":70,"type":"if","locations":[{"start":{"line":70,"column":12},"end":{"line":70,"column":12},"skip":true},{"start":{"line":70,"column":12},"end":{"line":70,"column":12},"skip":true}]},"8":{"line":70,"type":"binary-expr","locations":[{"start":{"line":70,"column":16},"end":{"line":70,"column":22},"skip":true},{"start":{"line":70,"column":27},"end":{"line":70,"column":32},"skip":true},{"start":{"line":71,"column":20},"end":{"line":71,"column":39},"skip":true},{"start":{"line":72,"column":20},"end":{"line":72,"column":49},"skip":true},{"start":{"line":73,"column":20},"end":{"line":73,"column":58},"skip":true},{"start":{"line":74,"column":20},"end":{"line":74,"column":69},"skip":true}]},"9":{"line":79,"type":"switch","locations":[{"start":{"line":80,"column":20},"end":{"line":80,"column":33},"skip":true},{"start":{"line":81,"column":20},"end":{"line":83,"column":30},"skip":true},{"start":{"line":84,"column":20},"end":{"line":85,"column":49},"skip":true}]},"10":{"line":89,"type":"switch","locations":[{"start":{"line":90,"column":12},"end":{"line":103,"column":22},"skip":true},{"start":{"line":105,"column":12},"end":{"line":106,"column":22},"skip":true}]},"11":{"line":89,"type":"binary-expr","locations":[{"start":{"line":89,"column":20},"end":{"line":89,"column":25},"skip":true},{"start":{"line":89,"column":29},"end":{"line":89,"column":48},"skip":true},{"start":{"line":89,"column":52},"end":{"line":89,"column":74},"skip":true}]},"12":{"line":92,"type":"if","locations":[{"start":{"line":92,"column":16},"end":{"line":92,"column":16},"skip":true},{"start":{"line":92,"column":16},"end":{"line":92,"column":16},"skip":true}]},"13":{"line":108,"type":"if","locations":[{"start":{"line":108,"column":12},"end":{"line":108,"column":12},"skip":true},{"start":{"line":108,"column":12},"end":{"line":108,"column":12},"skip":true}]},"14":{"line":108,"type":"binary-expr","locations":[{"start":{"line":108,"column":16},"end":{"line":108,"column":61},"skip":true},{"start":{"line":108,"column":66},"end":{"line":108,"column":72},"skip":true},{"start":{"line":108,"column":77},"end":{"line":108,"column":82},"skip":true},{"start":{"line":109,"column":20},"end":{"line":109,"column":39},"skip":true},{"start":{"line":110,"column":20},"end":{"line":110,"column":49},"skip":true},{"start":{"line":111,"column":20},"end":{"line":111,"column":58},"skip":true},{"start":{"line":112,"column":20},"end":{"line":112,"column":68},"skip":true}]},"15":{"line":129,"type":"if","locations":[{"start":{"line":129,"column":16},"end":{"line":129,"column":16},"skip":true},{"start":{"line":129,"column":16},"end":{"line":129,"column":16},"skip":true}]},"16":{"line":134,"type":"cond-expr","locations":[{"start":{"line":135,"column":26},"end":{"line":135,"column":29},"skip":true},{"start":{"line":136,"column":26},"end":{"line":136,"column":54},"skip":true}]},"17":{"line":164,"type":"binary-expr","locations":[{"start":{"line":164,"column":27},"end":{"line":164,"column":43},"skip":true},{"start":{"line":164,"column":47},"end":{"line":164,"column":49},"skip":true}]},"18":{"line":258,"type":"if","locations":[{"start":{"line":258,"column":8},"end":{"line":258,"column":8},"skip":true},{"start":{"line":258,"column":8},"end":{"line":258,"column":8},"skip":true}]},"19":{"line":275,"type":"switch","locations":[{"start":{"line":276,"column":20},"end":{"line":277,"column":64},"skip":true},{"start":{"line":278,"column":20},"end":{"line":279,"column":40},"skip":true},{"start":{"line":280,"column":20},"end":{"line":281,"column":40},"skip":true},{"start":{"line":282,"column":20},"end":{"line":283,"column":39},"skip":true}]},"20":{"line":288,"type":"if","locations":[{"start":{"line":288,"column":8},"end":{"line":288,"column":8},"skip":true},{"start":{"line":288,"column":8},"end":{"line":288,"column":8},"skip":true}]},"21":{"line":288,"type":"binary-expr","locations":[{"start":{"line":288,"column":12},"end":{"line":288,"column":40},"skip":true},{"start":{"line":288,"column":44},"end":{"line":288,"column":67},"skip":true}]},"22":{"line":292,"type":"binary-expr","locations":[{"start":{"line":292,"column":12},"end":{"line":292,"column":50},"skip":true},{"start":{"line":293,"column":12},"end":{"line":293,"column":53},"skip":true}]},"23":{"line":297,"type":"binary-expr","locations":[{"start":{"line":297,"column":12},"end":{"line":297,"column":65},"skip":true},{"start":{"line":298,"column":12},"end":{"line":301,"column":36},"skip":true}]},"24":{"line":303,"type":"binary-expr","locations":[{"start":{"line":303,"column":43},"end":{"line":303,"column":75},"skip":true},{"start":{"line":303,"column":79},"end":{"line":303,"column":81},"skip":true}]},"25":{"line":306,"type":"if","locations":[{"start":{"line":306,"column":8},"end":{"line":306,"column":8},"skip":true},{"start":{"line":306,"column":8},"end":{"line":306,"column":8},"skip":true}]},"26":{"line":310,"type":"if","locations":[{"start":{"line":310,"column":8},"end":{"line":310,"column":8},"skip":true},{"start":{"line":310,"column":8},"end":{"line":310,"column":8},"skip":true}]},"27":{"line":313,"type":"binary-expr","locations":[{"start":{"line":313,"column":27},"end":{"line":313,"column":43},"skip":true},{"start":{"line":313,"column":47},"end":{"line":313,"column":53},"skip":true}]},"28":{"line":317,"type":"if","locations":[{"start":{"line":317,"column":12},"end":{"line":317,"column":12},"skip":true},{"start":{"line":317,"column":12},"end":{"line":317,"column":12},"skip":true}]}},"code":["/*","example.js","","quickstart example","","instruction","    1. save this script as example.js","    2. run the shell command:","        $ npm install npmtest-massive && PORT=8081 node example.js","    3. play with the browser-demo on http://127.0.0.1:8081","*/","","","","/* istanbul instrument in package npmtest_massive */","/*jslint","    bitwise: true,","    browser: true,","    maxerr: 8,","    maxlen: 96,","    node: true,","    nomen: true,","    regexp: true,","    stupid: true","*/","(function () {","    'use strict';","    var local;","","","","    // run shared js-env code - pre-init","    (function () {","        // init local","        local = {};","        // init modeJs","        local.modeJs = (function () {","            try {","                return typeof navigator.userAgent === 'string' &&","                    typeof document.querySelector('body') === 'object' &&","                    typeof XMLHttpRequest.prototype.open === 'function' &&","                    'browser';","            } catch (errorCaughtBrowser) {","                return module.exports &&","                    typeof process.versions.node === 'string' &&","                    typeof require('http').createServer === 'function' &&","                    'node';","            }","        }());","        // init global","        local.global = local.modeJs === 'browser'","            ? window","            : global;","        // init utility2_rollup","        local = local.global.utility2_rollup || (local.modeJs === 'browser'","            ? local.global.utility2_npmtest_massive","            : global.utility2_moduleExports);","        // export local","        local.global.local = local;","    }());","    switch (local.modeJs) {","","","","    // post-init","    // run browser js-env code - post-init","    /* istanbul ignore next */","    case 'browser':","        local.testRunBrowser = function (event) {","            if (!event || (event &&","                    event.currentTarget &&","                    event.currentTarget.className &&","                    event.currentTarget.className.includes &&","                    event.currentTarget.className.includes('onreset'))) {","                // reset output","                Array.from(","                    document.querySelectorAll('body > .resettable')","                ).forEach(function (element) {","                    switch (element.tagName) {","                    case 'INPUT':","                    case 'TEXTAREA':","                        element.value = '';","                        break;","                    default:","                        element.textContent = '';","                    }","                });","            }","            switch (event && event.currentTarget && event.currentTarget.id) {","            case 'testRunButton1':","                // show tests","                if (document.querySelector('#testReportDiv1').style.display === 'none') {","                    document.querySelector('#testReportDiv1').style.display = 'block';","                    document.querySelector('#testRunButton1').textContent =","                        'hide internal test';","                    local.modeTest = true;","                    local.testRunDefault(local);","                // hide tests","                } else {","                    document.querySelector('#testReportDiv1').style.display = 'none';","                    document.querySelector('#testRunButton1').textContent = 'run internal test';","                }","                break;","            // custom-case","            default:","                break;","            }","            if (document.querySelector('#inputTextareaEval1') && (!event || (event &&","                    event.currentTarget &&","                    event.currentTarget.className &&","                    event.currentTarget.className.includes &&","                    event.currentTarget.className.includes('oneval')))) {","                // try to eval input-code","                try {","                    /*jslint evil: true*/","                    eval(document.querySelector('#inputTextareaEval1').value);","                } catch (errorCaught) {","                    console.error(errorCaught);","                }","            }","        };","        // log stderr and stdout to #outputTextareaStdout1","        ['error', 'log'].forEach(function (key) {","            console[key + '_original'] = console[key];","            console[key] = function () {","                var element;","                console[key + '_original'].apply(console, arguments);","                element = document.querySelector('#outputTextareaStdout1');","                if (!element) {","                    return;","                }","                // append text to #outputTextareaStdout1","                element.value += Array.from(arguments).map(function (arg) {","                    return typeof arg === 'string'","                        ? arg","                        : JSON.stringify(arg, null, 4);","                }).join(' ') + '\\n';","                // scroll textarea to bottom","                element.scrollTop = element.scrollHeight;","            };","        });","        // init event-handling","        ['change', 'click', 'keyup'].forEach(function (event) {","            Array.from(document.querySelectorAll('.on' + event)).forEach(function (element) {","                element.addEventListener(event, local.testRunBrowser);","            });","        });","        // run tests","        local.testRunBrowser();","        break;","","","","    // run node js-env code - post-init","    /* istanbul ignore next */","    case 'node':","        // export local","        module.exports = local;","        // require modules","        local.fs = require('fs');","        local.http = require('http');","        local.url = require('url');","        // init assets","        local.assetsDict = local.assetsDict || {};","        /* jslint-ignore-begin */","        local.assetsDict['/assets.index.template.html'] = '\\","<!doctype html>\\n\\","<html lang=\"en\">\\n\\","<head>\\n\\","<meta charset=\"UTF-8\">\\n\\","<meta name=\"viewport\" content=\"width=device-width, initial-scale=1\">\\n\\","<title>{{env.npm_package_name}} (v{{env.npm_package_version}})</title>\\n\\","<style>\\n\\","/*csslint\\n\\","    box-sizing: false,\\n\\","    universal-selector: false\\n\\","*/\\n\\","* {\\n\\","    box-sizing: border-box;\\n\\","}\\n\\","body {\\n\\","    background: #dde;\\n\\","    font-family: Arial, Helvetica, sans-serif;\\n\\","    margin: 2rem;\\n\\","}\\n\\","body > * {\\n\\","    margin-bottom: 1rem;\\n\\","}\\n\\",".utility2FooterDiv {\\n\\","    margin-top: 20px;\\n\\","    text-align: center;\\n\\","}\\n\\","</style>\\n\\","<style>\\n\\","/*csslint\\n\\","*/\\n\\","textarea {\\n\\","    font-family: monospace;\\n\\","    height: 10rem;\\n\\","    width: 100%;\\n\\","}\\n\\","textarea[readonly] {\\n\\","    background: #ddd;\\n\\","}\\n\\","</style>\\n\\","</head>\\n\\","<body>\\n\\","<!-- utility2-comment\\n\\","<div id=\"ajaxProgressDiv1\" style=\"background: #d00; height: 2px; left: 0; margin: 0; padding: 0; position: fixed; top: 0; transition: background 0.5s, width 1.5s; width: 25%;\"></div>\\n\\","utility2-comment -->\\n\\","<h1>\\n\\","<!-- utility2-comment\\n\\","    <a\\n\\","        {{#if env.npm_package_homepage}}\\n\\","        href=\"{{env.npm_package_homepage}}\"\\n\\","        {{/if env.npm_package_homepage}}\\n\\","        target=\"_blank\"\\n\\","    >\\n\\","utility2-comment -->\\n\\","        {{env.npm_package_name}} (v{{env.npm_package_version}})\\n\\","<!-- utility2-comment\\n\\","    </a>\\n\\","utility2-comment -->\\n\\","</h1>\\n\\","<h3>{{env.npm_package_description}}</h3>\\n\\","<!-- utility2-comment\\n\\","<h4><a download href=\"assets.app.js\">download standalone app</a></h4>\\n\\","<button class=\"onclick onreset\" id=\"testRunButton1\">run internal test</button><br>\\n\\","<div id=\"testReportDiv1\" style=\"display: none;\"></div>\\n\\","utility2-comment -->\\n\\","\\n\\","\\n\\","\\n\\","<label>stderr and stdout</label>\\n\\","<textarea class=\"resettable\" id=\"outputTextareaStdout1\" readonly></textarea>\\n\\","<!-- utility2-comment\\n\\","{{#if isRollup}}\\n\\","<script src=\"assets.app.js\"></script>\\n\\","{{#unless isRollup}}\\n\\","utility2-comment -->\\n\\","<script src=\"assets.utility2.rollup.js\"></script>\\n\\","<script src=\"jsonp.utility2._stateInit?callback=window.utility2._stateInit\"></script>\\n\\","<script src=\"assets.npmtest_massive.rollup.js\"></script>\\n\\","<script src=\"assets.example.js\"></script>\\n\\","<script src=\"assets.test.js\"></script>\\n\\","<!-- utility2-comment\\n\\","{{/if isRollup}}\\n\\","utility2-comment -->\\n\\","<div class=\"utility2FooterDiv\">\\n\\","    [ this app was created with\\n\\","    <a href=\"https://github.com/kaizhu256/node-utility2\" target=\"_blank\">utility2</a>\\n\\","    ]\\n\\","</div>\\n\\","</body>\\n\\","</html>\\n\\","';","        /* jslint-ignore-end */","        if (local.templateRender) {","            local.assetsDict['/'] = local.templateRender(","                local.assetsDict['/assets.index.template.html'],","                {","                    env: local.objectSetDefault(local.env, {","                        npm_package_description: 'the greatest app in the world!',","                        npm_package_name: 'my-app',","                        npm_package_nameAlias: 'my_app',","                        npm_package_version: '0.0.1'","                    })","                }","            );","        } else {","            local.assetsDict['/'] = local.assetsDict['/assets.index.template.html']","                .replace((/\\{\\{env\\.(\\w+?)\\}\\}/g), function (match0, match1) {","                    // jslint-hack","                    String(match0);","                    switch (match1) {","                    case 'npm_package_description':","                        return 'the greatest app in the world!';","                    case 'npm_package_name':","                        return 'my-app';","                    case 'npm_package_nameAlias':","                        return 'my_app';","                    case 'npm_package_version':","                        return '0.0.1';","                    }","                });","        }","        // run the cli","        if (local.global.utility2_rollup || module !== require.main) {","            break;","        }","        local.assetsDict['/assets.example.js'] =","            local.assetsDict['/assets.example.js'] ||","            local.fs.readFileSync(__filename, 'utf8');","        // bug-workaround - long $npm_package_buildCustomOrg","        /* jslint-ignore-begin */","        local.assetsDict['/assets.npmtest_massive.rollup.js'] =","            local.assetsDict['/assets.npmtest_massive.rollup.js'] ||","            local.fs.readFileSync(","                local.npmtest_massive.__dirname + '/lib.npmtest_massive.js',","                'utf8'","            ).replace((/^#!/), '//');","        /* jslint-ignore-end */","        local.assetsDict['/favicon.ico'] = local.assetsDict['/favicon.ico'] || '';","        // if $npm_config_timeout_exit exists,","        // then exit this process after $npm_config_timeout_exit ms","        if (Number(process.env.npm_config_timeout_exit)) {","            setTimeout(process.exit, Number(process.env.npm_config_timeout_exit));","        }","        // start server","        if (local.global.utility2_serverHttp1) {","            break;","        }","        process.env.PORT = process.env.PORT || '8081';","        console.error('server starting on port ' + process.env.PORT);","        local.http.createServer(function (request, response) {","            request.urlParsed = local.url.parse(request.url);","            if (local.assetsDict[request.urlParsed.pathname] !== undefined) {","                response.end(local.assetsDict[request.urlParsed.pathname]);","                return;","            }","            response.statusCode = 404;","            response.end();","        }).listen(process.env.PORT);","        break;","    }","}());",""],"l":{"26":2,"28":2,"33":2,"35":2,"37":2,"38":2,"39":2,"44":1,"51":2,"55":2,"59":2,"61":2,"69":1,"70":2,"76":2,"79":2,"82":2,"83":2,"85":1,"89":2,"92":1,"93":1,"94":1,"96":1,"97":1,"100":1,"101":1,"103":1,"106":1,"108":2,"114":1,"116":1,"118":1,"123":1,"124":2,"125":2,"126":3,"127":3,"128":3,"129":3,"130":1,"133":3,"134":3,"139":3,"143":1,"144":3,"145":1,"149":1,"150":1,"158":1,"160":1,"161":1,"162":1,"164":1,"166":1,"258":1,"259":1,"271":1,"274":6,"275":6,"277":1,"279":2,"281":1,"283":2,"288":1,"289":1,"291":1,"296":1,"303":1,"306":1,"307":1,"310":1,"311":1,"313":1,"314":1,"315":1,"316":1,"317":1,"318":1,"319":1,"321":1,"322":1,"324":1}},"/home/travis/build/npmtest/node-npmtest-massive/node_modules/massive/index.js":{"path":"/home/travis/build/npmtest/node-npmtest-massive/node_modules/massive/index.js","s":{"1":1,"2":1,"3":1,"4":1,"5":1,"6":1,"7":1,"8":1,"9":1,"10":1,"11":1,"12":1,"13":1,"14":0,"15":1,"16":0,"17":0,"18":0,"19":0,"20":0,"21":0,"22":0,"23":0,"24":0,"25":0,"26":0,"27":0,"28":0,"29":0,"30":0,"31":0,"32":0,"33":1,"34":0,"35":0,"36":0,"37":0,"38":0,"39":0,"40":0,"41":0,"42":0,"43":0,"44":1,"45":0,"46":0,"47":0,"48":0,"49":0,"50":0,"51":0,"52":0,"53":1,"54":0,"55":0,"56":1,"57":1,"58":0,"59":1,"60":0,"61":0,"62":0,"63":0,"64":0,"65":0,"66":0,"67":0,"68":0,"69":0,"70":0,"71":0,"72":0,"73":1,"74":0,"75":0,"76":0,"77":0,"78":0,"79":0,"80":0,"81":0,"82":0,"83":0,"84":0,"85":1,"86":0,"87":0,"88":0,"89":0,"90":0,"91":0,"92":0,"93":0,"94":0,"95":1,"96":0,"97":0,"98":0,"99":0,"100":0,"101":0,"102":0,"103":0,"104":0,"105":0,"106":0,"107":0,"108":0,"109":0,"110":0,"111":0,"112":0,"113":0,"114":1,"115":1,"116":0,"117":0,"118":0,"119":0,"120":0,"121":0,"122":0,"123":0,"124":0,"125":0,"126":0,"127":0,"128":0,"129":0,"130":1,"131":0,"132":0,"133":0,"134":0,"135":0,"136":0,"137":0,"138":0,"139":0,"140":0,"141":0,"142":0,"143":0,"144":0,"145":0,"146":1,"147":0,"148":0,"149":0,"150":0,"151":0,"152":0,"153":0,"154":0,"155":0,"156":0,"157":0,"158":0,"159":0,"160":0,"161":0,"162":1,"163":0,"164":0,"165":0,"166":0,"167":0,"168":1,"169":0,"170":0,"171":0,"172":0,"173":0,"174":0,"175":1,"176":0,"177":0,"178":0,"179":0,"180":0,"181":1,"182":0,"183":0,"184":0,"185":0,"186":0,"187":0,"188":1,"189":0,"190":0,"191":0,"192":0,"193":1,"194":0,"195":0,"196":0,"197":0,"198":0,"199":0,"200":0,"201":0,"202":0,"203":1,"204":0,"205":0,"206":0,"207":0,"208":0,"209":1,"210":0,"211":0,"212":0,"213":0,"214":0,"215":0,"216":0,"217":0,"218":0,"219":0,"220":0,"221":0,"222":0,"223":0,"224":0,"225":0,"226":0,"227":0,"228":1,"229":0,"230":0,"231":0,"232":0,"233":0,"234":0,"235":0,"236":0,"237":0,"238":0,"239":0,"240":0,"241":0,"242":0,"243":0,"244":0,"245":0,"246":0,"247":0,"248":0,"249":0,"250":1,"251":0,"252":0,"253":0,"254":0,"255":0,"256":0,"257":0,"258":0,"259":0,"260":0,"261":0,"262":0,"263":0,"264":0,"265":0,"266":0,"267":0,"268":0,"269":0,"270":0,"271":1,"272":1},"b":{"1":[0,1],"2":[0,0],"3":[0,0],"4":[0,0],"5":[0,0],"6":[0,0],"7":[0,0],"8":[0,0],"9":[0,0],"10":[0,0],"11":[0,0],"12":[0,0],"13":[0,0],"14":[0,0],"15":[0,0],"16":[0,0],"17":[0,0],"18":[0,0],"19":[0,0],"20":[0,0],"21":[0,0],"22":[0,0],"23":[0,0],"24":[0,0],"25":[0,0],"26":[0,0],"27":[0,0],"28":[0,0],"29":[0,0],"30":[0,0],"31":[0,0],"32":[0,0],"33":[0,0,0,0],"34":[0,0],"35":[0,0],"36":[0,0],"37":[0,0],"38":[0,0],"39":[0,0],"40":[0,0],"41":[0,0],"42":[0,0],"43":[0,0],"44":[0,0],"45":[0,0],"46":[0,0],"47":[0,0],"48":[0,0],"49":[0,0],"50":[0,0],"51":[0,0],"52":[0,0],"53":[0,0],"54":[0,0],"55":[0,0],"56":[0,0],"57":[0,0]},"f":{"1":0,"2":0,"3":0,"4":0,"5":0,"6":0,"7":0,"8":0,"9":0,"10":0,"11":0,"12":0,"13":0,"14":0,"15":0,"16":0,"17":0,"18":0,"19":0,"20":0,"21":0,"22":0,"23":0,"24":0,"25":0,"26":0,"27":0,"28":0,"29":0,"30":0,"31":0,"32":0,"33":0,"34":0,"35":0,"36":0,"37":0,"38":0,"39":0,"40":0,"41":0,"42":0,"43":0,"44":0},"fnMap":{"1":{"name":"(anonymous_1)","line":19,"loc":{"start":{"line":19,"column":14},"end":{"line":19,"column":29}}},"2":{"name":"(anonymous_2)","line":46,"loc":{"start":{"line":46,"column":36},"end":{"line":46,"column":61}}},"3":{"name":"(anonymous_3)","line":69,"loc":{"start":{"line":69,"column":35},"end":{"line":69,"column":52}}},"4":{"name":"(anonymous_4)","line":88,"loc":{"start":{"line":88,"column":24},"end":{"line":88,"column":34}}},"5":{"name":"(anonymous_5)","line":94,"loc":{"start":{"line":94,"column":32},"end":{"line":94,"column":43}}},"6":{"name":"(anonymous_6)","line":98,"loc":{"start":{"line":98,"column":31},"end":{"line":98,"column":46}}},"7":{"name":"(anonymous_7)","line":109,"loc":{"start":{"line":109,"column":61},"end":{"line":109,"column":83}}},"8":{"name":"(anonymous_8)","line":112,"loc":{"start":{"line":112,"column":19},"end":{"line":112,"column":34}}},"9":{"name":"(anonymous_9)","line":127,"loc":{"start":{"line":127,"column":41},"end":{"line":127,"column":56}}},"10":{"name":"(anonymous_10)","line":132,"loc":{"start":{"line":132,"column":61},"end":{"line":132,"column":93}}},"11":{"name":"(anonymous_11)","line":135,"loc":{"start":{"line":135,"column":29},"end":{"line":135,"column":46}}},"12":{"name":"(anonymous_12)","line":154,"loc":{"start":{"line":154,"column":30},"end":{"line":154,"column":45}}},"13":{"name":"(anonymous_13)","line":158,"loc":{"start":{"line":158,"column":60},"end":{"line":158,"column":80}}},"14":{"name":"(anonymous_14)","line":161,"loc":{"start":{"line":161,"column":18},"end":{"line":161,"column":33}}},"15":{"name":"(anonymous_15)","line":175,"loc":{"start":{"line":175,"column":28},"end":{"line":175,"column":59}}},"16":{"name":"(anonymous_16)","line":205,"loc":{"start":{"line":205,"column":20},"end":{"line":205,"column":33}}},"17":{"name":"(anonymous_17)","line":218,"loc":{"start":{"line":218,"column":21},"end":{"line":218,"column":50}}},"18":{"name":"(anonymous_18)","line":227,"loc":{"start":{"line":227,"column":15},"end":{"line":227,"column":27}}},"19":{"name":"(anonymous_19)","line":248,"loc":{"start":{"line":248,"column":26},"end":{"line":248,"column":46}}},"20":{"name":"(anonymous_20)","line":270,"loc":{"start":{"line":270,"column":46},"end":{"line":270,"column":64}}},"21":{"name":"(anonymous_21)","line":277,"loc":{"start":{"line":277,"column":40},"end":{"line":277,"column":61}}},"22":{"name":"(anonymous_22)","line":300,"loc":{"start":{"line":300,"column":18},"end":{"line":300,"column":36}}},"23":{"name":"(anonymous_23)","line":310,"loc":{"start":{"line":310,"column":37},"end":{"line":310,"column":56}}},"24":{"name":"(anonymous_24)","line":320,"loc":{"start":{"line":320,"column":30},"end":{"line":320,"column":61}}},"25":{"name":"(anonymous_25)","line":322,"loc":{"start":{"line":322,"column":18},"end":{"line":322,"column":37}}},"26":{"name":"(anonymous_26)","line":332,"loc":{"start":{"line":332,"column":33},"end":{"line":332,"column":61}}},"27":{"name":"(anonymous_27)","line":340,"loc":{"start":{"line":340,"column":33},"end":{"line":340,"column":60}}},"28":{"name":"(anonymous_28)","line":342,"loc":{"start":{"line":342,"column":18},"end":{"line":342,"column":37}}},"29":{"name":"(anonymous_29)","line":352,"loc":{"start":{"line":352,"column":36},"end":{"line":352,"column":57}}},"30":{"name":"(anonymous_30)","line":360,"loc":{"start":{"line":360,"column":31},"end":{"line":360,"column":67}}},"31":{"name":"(anonymous_31)","line":363,"loc":{"start":{"line":363,"column":18},"end":{"line":363,"column":37}}},"32":{"name":"(anonymous_32)","line":369,"loc":{"start":{"line":369,"column":46},"end":{"line":369,"column":62}}},"33":{"name":"(anonymous_33)","line":380,"loc":{"start":{"line":380,"column":34},"end":{"line":380,"column":64}}},"34":{"name":"(anonymous_34)","line":392,"loc":{"start":{"line":392,"column":19},"end":{"line":392,"column":49}}},"35":{"name":"(anonymous_35)","line":401,"loc":{"start":{"line":401,"column":15},"end":{"line":401,"column":29}}},"36":{"name":"(anonymous_36)","line":426,"loc":{"start":{"line":426,"column":25},"end":{"line":426,"column":37}}},"37":{"name":"(anonymous_37)","line":444,"loc":{"start":{"line":444,"column":34},"end":{"line":444,"column":49}}},"38":{"name":"(anonymous_38)","line":449,"loc":{"start":{"line":449,"column":67},"end":{"line":449,"column":92}}},"39":{"name":"(anonymous_39)","line":453,"loc":{"start":{"line":453,"column":26},"end":{"line":453,"column":39}}},"40":{"name":"(anonymous_40)","line":492,"loc":{"start":{"line":492,"column":18},"end":{"line":492,"column":39}}},"41":{"name":"(anonymous_41)","line":503,"loc":{"start":{"line":503,"column":21},"end":{"line":503,"column":39}}},"42":{"name":"(anonymous_42)","line":508,"loc":{"start":{"line":508,"column":33},"end":{"line":508,"column":45}}},"43":{"name":"(anonymous_43)","line":511,"loc":{"start":{"line":511,"column":24},"end":{"line":511,"column":35}}},"44":{"name":"(anonymous_44)","line":514,"loc":{"start":{"line":514,"column":30},"end":{"line":514,"column":48}}}},"statementMap":{"1":{"start":{"line":1,"column":0},"end":{"line":1,"column":37}},"2":{"start":{"line":2,"column":0},"end":{"line":2,"column":32}},"3":{"start":{"line":3,"column":0},"end":{"line":3,"column":23}},"4":{"start":{"line":4,"column":0},"end":{"line":4,"column":45}},"5":{"start":{"line":5,"column":0},"end":{"line":5,"column":43}},"6":{"start":{"line":6,"column":0},"end":{"line":6,"column":35}},"7":{"start":{"line":7,"column":0},"end":{"line":7,"column":27}},"8":{"start":{"line":8,"column":0},"end":{"line":8,"column":42}},"9":{"start":{"line":9,"column":0},"end":{"line":9,"column":27}},"10":{"start":{"line":10,"column":0},"end":{"line":10,"column":28}},"11":{"start":{"line":11,"column":0},"end":{"line":11,"column":36}},"12":{"start":{"line":13,"column":0},"end":{"line":13,"column":9}},"13":{"start":{"line":15,"column":0},"end":{"line":17,"column":1}},"14":{"start":{"line":16,"column":2},"end":{"line":16,"column":47}},"15":{"start":{"line":19,"column":0},"end":{"line":44,"column":2}},"16":{"start":{"line":20,"column":2},"end":{"line":20,"column":58}},"17":{"start":{"line":21,"column":2},"end":{"line":21,"column":59}},"18":{"start":{"line":23,"column":2},"end":{"line":23,"column":64}},"19":{"start":{"line":24,"column":2},"end":{"line":24,"column":25}},"20":{"start":{"line":26,"column":2},"end":{"line":26,"column":19}},"21":{"start":{"line":27,"column":2},"end":{"line":27,"column":18}},"22":{"start":{"line":28,"column":2},"end":{"line":28,"column":23}},"23":{"start":{"line":29,"column":2},"end":{"line":29,"column":20}},"24":{"start":{"line":30,"column":2},"end":{"line":30,"column":22}},"25":{"start":{"line":32,"column":2},"end":{"line":38,"column":3}},"26":{"start":{"line":33,"column":4},"end":{"line":33,"column":57}},"27":{"start":{"line":35,"column":4},"end":{"line":35,"column":60}},"28":{"start":{"line":36,"column":4},"end":{"line":36,"column":57}},"29":{"start":{"line":37,"column":4},"end":{"line":37,"column":59}},"30":{"start":{"line":41,"column":2},"end":{"line":41,"column":48}},"31":{"start":{"line":42,"column":2},"end":{"line":42,"column":71}},"32":{"start":{"line":43,"column":2},"end":{"line":43,"column":71}},"33":{"start":{"line":46,"column":0},"end":{"line":67,"column":2}},"34":{"start":{"line":48,"column":2},"end":{"line":48,"column":18}},"35":{"start":{"line":49,"column":2},"end":{"line":52,"column":3}},"36":{"start":{"line":51,"column":4},"end":{"line":51,"column":26}},"37":{"start":{"line":53,"column":2},"end":{"line":65,"column":3}},"38":{"start":{"line":55,"column":4},"end":{"line":64,"column":5}},"39":{"start":{"line":57,"column":6},"end":{"line":57,"column":30}},"40":{"start":{"line":59,"column":6},"end":{"line":61,"column":7}},"41":{"start":{"line":60,"column":8},"end":{"line":60,"column":103}},"42":{"start":{"line":63,"column":6},"end":{"line":63,"column":41}},"43":{"start":{"line":66,"column":2},"end":{"line":66,"column":16}},"44":{"start":{"line":69,"column":0},"end":{"line":86,"column":2}},"45":{"start":{"line":71,"column":2},"end":{"line":71,"column":18}},"46":{"start":{"line":72,"column":2},"end":{"line":84,"column":3}},"47":{"start":{"line":74,"column":4},"end":{"line":83,"column":5}},"48":{"start":{"line":76,"column":6},"end":{"line":76,"column":22}},"49":{"start":{"line":78,"column":6},"end":{"line":80,"column":7}},"50":{"start":{"line":79,"column":8},"end":{"line":79,"column":103}},"51":{"start":{"line":82,"column":6},"end":{"line":82,"column":33}},"52":{"start":{"line":85,"column":2},"end":{"line":85,"column":16}},"53":{"start":{"line":88,"column":0},"end":{"line":91,"column":2}},"54":{"start":{"line":89,"column":2},"end":{"line":89,"column":43}},"55":{"start":{"line":90,"column":2},"end":{"line":90,"column":19}},"56":{"start":{"line":92,"column":0},"end":{"line":92,"column":54}},"57":{"start":{"line":94,"column":0},"end":{"line":96,"column":2}},"58":{"start":{"line":95,"column":2},"end":{"line":95,"column":38}},"59":{"start":{"line":98,"column":0},"end":{"line":125,"column":2}},"60":{"start":{"line":99,"column":2},"end":{"line":99,"column":55}},"61":{"start":{"line":100,"column":2},"end":{"line":100,"column":74}},"62":{"start":{"line":101,"column":2},"end":{"line":101,"column":18}},"63":{"start":{"line":104,"column":2},"end":{"line":107,"column":3}},"64":{"start":{"line":105,"column":4},"end":{"line":105,"column":56}},"65":{"start":{"line":106,"column":4},"end":{"line":106,"column":34}},"66":{"start":{"line":109,"column":2},"end":{"line":124,"column":5}},"67":{"start":{"line":110,"column":4},"end":{"line":110,"column":40}},"68":{"start":{"line":110,"column":15},"end":{"line":110,"column":38}},"69":{"start":{"line":112,"column":4},"end":{"line":121,"column":7}},"70":{"start":{"line":113,"column":6},"end":{"line":118,"column":9}},"71":{"start":{"line":120,"column":6},"end":{"line":120,"column":29}},"72":{"start":{"line":123,"column":4},"end":{"line":123,"column":20}},"73":{"start":{"line":127,"column":0},"end":{"line":152,"column":2}},"74":{"start":{"line":128,"column":2},"end":{"line":128,"column":66}},"75":{"start":{"line":129,"column":2},"end":{"line":129,"column":74}},"76":{"start":{"line":130,"column":2},"end":{"line":130,"column":18}},"77":{"start":{"line":132,"column":2},"end":{"line":151,"column":5}},"78":{"start":{"line":133,"column":4},"end":{"line":133,"column":40}},"79":{"start":{"line":133,"column":15},"end":{"line":133,"column":38}},"80":{"start":{"line":135,"column":4},"end":{"line":148,"column":7}},"81":{"start":{"line":138,"column":6},"end":{"line":147,"column":7}},"82":{"start":{"line":139,"column":8},"end":{"line":144,"column":11}},"83":{"start":{"line":146,"column":8},"end":{"line":146,"column":31}},"84":{"start":{"line":150,"column":4},"end":{"line":150,"column":21}},"85":{"start":{"line":154,"column":0},"end":{"line":173,"column":2}},"86":{"start":{"line":155,"column":2},"end":{"line":155,"column":53}},"87":{"start":{"line":156,"column":2},"end":{"line":156,"column":74}},"88":{"start":{"line":158,"column":2},"end":{"line":172,"column":5}},"89":{"start":{"line":159,"column":4},"end":{"line":159,"column":40}},"90":{"start":{"line":159,"column":15},"end":{"line":159,"column":38}},"91":{"start":{"line":161,"column":4},"end":{"line":169,"column":7}},"92":{"start":{"line":162,"column":6},"end":{"line":166,"column":9}},"93":{"start":{"line":168,"column":6},"end":{"line":168,"column":37}},"94":{"start":{"line":171,"column":4},"end":{"line":171,"column":21}},"95":{"start":{"line":175,"column":0},"end":{"line":215,"column":2}},"96":{"start":{"line":177,"column":2},"end":{"line":177,"column":28}},"97":{"start":{"line":178,"column":2},"end":{"line":178,"column":29}},"98":{"start":{"line":179,"column":2},"end":{"line":179,"column":28}},"99":{"start":{"line":182,"column":2},"end":{"line":182,"column":37}},"100":{"start":{"line":183,"column":2},"end":{"line":190,"column":3}},"101":{"start":{"line":185,"column":4},"end":{"line":185,"column":27}},"102":{"start":{"line":186,"column":4},"end":{"line":186,"column":26}},"103":{"start":{"line":187,"column":4},"end":{"line":187,"column":49}},"104":{"start":{"line":189,"column":4},"end":{"line":189,"column":37}},"105":{"start":{"line":192,"column":2},"end":{"line":214,"column":3}},"106":{"start":{"line":193,"column":4},"end":{"line":193,"column":38}},"107":{"start":{"line":195,"column":4},"end":{"line":200,"column":7}},"108":{"start":{"line":203,"column":4},"end":{"line":203,"column":48}},"109":{"start":{"line":205,"column":4},"end":{"line":213,"column":7}},"110":{"start":{"line":206,"column":6},"end":{"line":212,"column":7}},"111":{"start":{"line":207,"column":8},"end":{"line":207,"column":23}},"112":{"start":{"line":209,"column":8},"end":{"line":209,"column":31}},"113":{"start":{"line":211,"column":8},"end":{"line":211,"column":42}},"114":{"start":{"line":216,"column":0},"end":{"line":216,"column":62}},"115":{"start":{"line":218,"column":0},"end":{"line":246,"column":2}},"116":{"start":{"line":219,"column":2},"end":{"line":219,"column":38}},"117":{"start":{"line":221,"column":2},"end":{"line":221,"column":21}},"118":{"start":{"line":222,"column":2},"end":{"line":222,"column":15}},"119":{"start":{"line":223,"column":2},"end":{"line":223,"column":17}},"120":{"start":{"line":226,"column":2},"end":{"line":230,"column":3}},"121":{"start":{"line":227,"column":4},"end":{"line":229,"column":6}},"122":{"start":{"line":228,"column":6},"end":{"line":228,"column":45}},"123":{"start":{"line":232,"column":2},"end":{"line":243,"column":3}},"124":{"start":{"line":233,"column":4},"end":{"line":233,"column":41}},"125":{"start":{"line":235,"column":4},"end":{"line":235,"column":31}},"126":{"start":{"line":237,"column":4},"end":{"line":240,"column":5}},"127":{"start":{"line":239,"column":6},"end":{"line":239,"column":26}},"128":{"start":{"line":242,"column":4},"end":{"line":242,"column":53}},"129":{"start":{"line":245,"column":2},"end":{"line":245,"column":30}},"130":{"start":{"line":248,"column":0},"end":{"line":274,"column":2}},"131":{"start":{"line":250,"column":2},"end":{"line":250,"column":28}},"132":{"start":{"line":252,"column":2},"end":{"line":252,"column":32}},"133":{"start":{"line":253,"column":2},"end":{"line":253,"column":28}},"134":{"start":{"line":255,"column":2},"end":{"line":261,"column":3}},"135":{"start":{"line":256,"column":4},"end":{"line":256,"column":27}},"136":{"start":{"line":257,"column":4},"end":{"line":257,"column":26}},"137":{"start":{"line":259,"column":4},"end":{"line":259,"column":26}},"138":{"start":{"line":260,"column":4},"end":{"line":260,"column":22}},"139":{"start":{"line":263,"column":2},"end":{"line":267,"column":3}},"140":{"start":{"line":264,"column":4},"end":{"line":264,"column":21}},"141":{"start":{"line":265,"column":8},"end":{"line":267,"column":3}},"142":{"start":{"line":266,"column":4},"end":{"line":266,"column":37}},"143":{"start":{"line":269,"column":2},"end":{"line":273,"column":3}},"144":{"start":{"line":270,"column":4},"end":{"line":272,"column":7}},"145":{"start":{"line":271,"column":6},"end":{"line":271,"column":107}},"146":{"start":{"line":277,"column":0},"end":{"line":308,"column":2}},"147":{"start":{"line":279,"column":2},"end":{"line":279,"column":31}},"148":{"start":{"line":280,"column":2},"end":{"line":280,"column":16}},"149":{"start":{"line":281,"column":2},"end":{"line":281,"column":17}},"150":{"start":{"line":282,"column":2},"end":{"line":289,"column":3}},"151":{"start":{"line":284,"column":4},"end":{"line":284,"column":27}},"152":{"start":{"line":285,"column":4},"end":{"line":285,"column":26}},"153":{"start":{"line":287,"column":4},"end":{"line":287,"column":26}},"154":{"start":{"line":288,"column":4},"end":{"line":288,"column":21}},"155":{"start":{"line":291,"column":2},"end":{"line":296,"column":5}},"156":{"start":{"line":298,"column":2},"end":{"line":298,"column":40}},"157":{"start":{"line":300,"column":2},"end":{"line":307,"column":5}},"158":{"start":{"line":301,"column":4},"end":{"line":306,"column":5}},"159":{"start":{"line":302,"column":6},"end":{"line":302,"column":21}},"160":{"start":{"line":304,"column":6},"end":{"line":304,"column":29}},"161":{"start":{"line":305,"column":6},"end":{"line":305,"column":22}},"162":{"start":{"line":310,"column":0},"end":{"line":317,"column":2}},"163":{"start":{"line":311,"column":2},"end":{"line":311,"column":72}},"164":{"start":{"line":312,"column":2},"end":{"line":312,"column":61}},"165":{"start":{"line":314,"column":2},"end":{"line":314,"column":46}},"166":{"start":{"line":315,"column":2},"end":{"line":315,"column":80}},"167":{"start":{"line":316,"column":2},"end":{"line":316,"column":13}},"168":{"start":{"line":320,"column":0},"end":{"line":330,"column":2}},"169":{"start":{"line":321,"column":2},"end":{"line":321,"column":46}},"170":{"start":{"line":322,"column":2},"end":{"line":329,"column":5}},"171":{"start":{"line":323,"column":4},"end":{"line":328,"column":5}},"172":{"start":{"line":324,"column":6},"end":{"line":324,"column":22}},"173":{"start":{"line":326,"column":6},"end":{"line":326,"column":39}},"174":{"start":{"line":327,"column":6},"end":{"line":327,"column":22}},"175":{"start":{"line":332,"column":0},"end":{"line":338,"column":2}},"176":{"start":{"line":333,"column":2},"end":{"line":333,"column":61}},"177":{"start":{"line":334,"column":2},"end":{"line":334,"column":61}},"178":{"start":{"line":335,"column":2},"end":{"line":335,"column":72}},"179":{"start":{"line":336,"column":2},"end":{"line":336,"column":48}},"180":{"start":{"line":337,"column":2},"end":{"line":337,"column":13}},"181":{"start":{"line":340,"column":0},"end":{"line":350,"column":2}},"182":{"start":{"line":341,"column":2},"end":{"line":341,"column":45}},"183":{"start":{"line":342,"column":2},"end":{"line":349,"column":5}},"184":{"start":{"line":343,"column":4},"end":{"line":348,"column":5}},"185":{"start":{"line":344,"column":6},"end":{"line":344,"column":16}},"186":{"start":{"line":346,"column":6},"end":{"line":346,"column":28}},"187":{"start":{"line":347,"column":6},"end":{"line":347,"column":22}},"188":{"start":{"line":352,"column":0},"end":{"line":358,"column":2}},"189":{"start":{"line":353,"column":2},"end":{"line":353,"column":64}},"190":{"start":{"line":354,"column":2},"end":{"line":354,"column":61}},"191":{"start":{"line":356,"column":2},"end":{"line":356,"column":37}},"192":{"start":{"line":357,"column":2},"end":{"line":357,"column":13}},"193":{"start":{"line":360,"column":0},"end":{"line":378,"column":2}},"194":{"start":{"line":361,"column":2},"end":{"line":361,"column":52}},"195":{"start":{"line":363,"column":2},"end":{"line":377,"column":5}},"196":{"start":{"line":364,"column":4},"end":{"line":376,"column":5}},"197":{"start":{"line":365,"column":6},"end":{"line":365,"column":16}},"198":{"start":{"line":368,"column":6},"end":{"line":372,"column":7}},"199":{"start":{"line":369,"column":8},"end":{"line":371,"column":11}},"200":{"start":{"line":370,"column":10},"end":{"line":370,"column":62}},"201":{"start":{"line":374,"column":6},"end":{"line":374,"column":30}},"202":{"start":{"line":375,"column":6},"end":{"line":375,"column":22}},"203":{"start":{"line":380,"column":0},"end":{"line":387,"column":2}},"204":{"start":{"line":381,"column":2},"end":{"line":381,"column":62}},"205":{"start":{"line":382,"column":2},"end":{"line":382,"column":61}},"206":{"start":{"line":384,"column":2},"end":{"line":384,"column":72}},"207":{"start":{"line":385,"column":2},"end":{"line":385,"column":49}},"208":{"start":{"line":386,"column":2},"end":{"line":386,"column":13}},"209":{"start":{"line":392,"column":0},"end":{"line":442,"column":2}},"210":{"start":{"line":393,"column":2},"end":{"line":393,"column":11}},"211":{"start":{"line":394,"column":2},"end":{"line":398,"column":3}},"212":{"start":{"line":395,"column":4},"end":{"line":395,"column":35}},"213":{"start":{"line":397,"column":5},"end":{"line":397,"column":12}},"214":{"start":{"line":401,"column":2},"end":{"line":441,"column":5}},"215":{"start":{"line":403,"column":4},"end":{"line":403,"column":33}},"216":{"start":{"line":404,"column":4},"end":{"line":404,"column":40}},"217":{"start":{"line":407,"column":4},"end":{"line":440,"column":5}},"218":{"start":{"line":409,"column":6},"end":{"line":409,"column":45}},"219":{"start":{"line":414,"column":6},"end":{"line":414,"column":74}},"220":{"start":{"line":416,"column":6},"end":{"line":421,"column":9}},"221":{"start":{"line":425,"column":6},"end":{"line":425,"column":34}},"222":{"start":{"line":426,"column":6},"end":{"line":428,"column":8}},"223":{"start":{"line":427,"column":8},"end":{"line":427,"column":52}},"224":{"start":{"line":429,"column":11},"end":{"line":440,"column":5}},"225":{"start":{"line":433,"column":6},"end":{"line":433,"column":28}},"226":{"start":{"line":436,"column":6},"end":{"line":436,"column":47}},"227":{"start":{"line":439,"column":6},"end":{"line":439,"column":49}},"228":{"start":{"line":444,"column":0},"end":{"line":489,"column":2}},"229":{"start":{"line":445,"column":2},"end":{"line":488,"column":3}},"230":{"start":{"line":446,"column":4},"end":{"line":446,"column":63}},"231":{"start":{"line":447,"column":4},"end":{"line":447,"column":70}},"232":{"start":{"line":449,"column":4},"end":{"line":485,"column":7}},"233":{"start":{"line":450,"column":6},"end":{"line":484,"column":7}},"234":{"start":{"line":451,"column":8},"end":{"line":451,"column":24}},"235":{"start":{"line":453,"column":8},"end":{"line":481,"column":11}},"236":{"start":{"line":454,"column":10},"end":{"line":454,"column":33}},"237":{"start":{"line":455,"column":10},"end":{"line":455,"column":18}},"238":{"start":{"line":456,"column":10},"end":{"line":456,"column":26}},"239":{"start":{"line":458,"column":10},"end":{"line":460,"column":11}},"240":{"start":{"line":459,"column":12},"end":{"line":459,"column":33}},"241":{"start":{"line":462,"column":10},"end":{"line":467,"column":11}},"242":{"start":{"line":463,"column":12},"end":{"line":463,"column":78}},"243":{"start":{"line":464,"column":12},"end":{"line":464,"column":46}},"244":{"start":{"line":466,"column":12},"end":{"line":466,"column":63}},"245":{"start":{"line":469,"column":10},"end":{"line":469,"column":46}},"246":{"start":{"line":471,"column":10},"end":{"line":478,"column":13}},"247":{"start":{"line":480,"column":10},"end":{"line":480,"column":45}},"248":{"start":{"line":483,"column":8},"end":{"line":483,"column":25}},"249":{"start":{"line":487,"column":4},"end":{"line":487,"column":21}},"250":{"start":{"line":492,"column":0},"end":{"line":524,"column":2}},"251":{"start":{"line":494,"column":2},"end":{"line":498,"column":3}},"252":{"start":{"line":495,"column":4},"end":{"line":495,"column":60}},"253":{"start":{"line":496,"column":9},"end":{"line":498,"column":3}},"254":{"start":{"line":497,"column":4},"end":{"line":497,"column":104}},"255":{"start":{"line":500,"column":2},"end":{"line":500,"column":34}},"256":{"start":{"line":503,"column":2},"end":{"line":523,"column":5}},"257":{"start":{"line":504,"column":4},"end":{"line":504,"column":34}},"258":{"start":{"line":504,"column":15},"end":{"line":504,"column":32}},"259":{"start":{"line":506,"column":4},"end":{"line":506,"column":14}},"260":{"start":{"line":508,"column":4},"end":{"line":522,"column":7}},"261":{"start":{"line":509,"column":6},"end":{"line":509,"column":36}},"262":{"start":{"line":509,"column":17},"end":{"line":509,"column":34}},"263":{"start":{"line":511,"column":6},"end":{"line":521,"column":9}},"264":{"start":{"line":512,"column":8},"end":{"line":512,"column":38}},"265":{"start":{"line":512,"column":19},"end":{"line":512,"column":36}},"266":{"start":{"line":514,"column":8},"end":{"line":520,"column":11}},"267":{"start":{"line":515,"column":10},"end":{"line":515,"column":40}},"268":{"start":{"line":515,"column":21},"end":{"line":515,"column":38}},"269":{"start":{"line":517,"column":10},"end":{"line":517,"column":27}},"270":{"start":{"line":519,"column":10},"end":{"line":519,"column":25}},"271":{"start":{"line":526,"column":0},"end":{"line":526,"column":36}},"272":{"start":{"line":527,"column":0},"end":{"line":527,"column":39}}},"branchMap":{"1":{"line":15,"type":"if","locations":[{"start":{"line":15,"column":0},"end":{"line":15,"column":0}},{"start":{"line":15,"column":0},"end":{"line":15,"column":0}}]},"2":{"line":20,"type":"binary-expr","locations":[{"start":{"line":20,"column":20},"end":{"line":20,"column":32}},{"start":{"line":20,"column":36},"end":{"line":20,"column":57}}]},"3":{"line":21,"type":"binary-expr","locations":[{"start":{"line":21,"column":27},"end":{"line":21,"column":49}},{"start":{"line":21,"column":53},"end":{"line":21,"column":58}}]},"4":{"line":32,"type":"if","locations":[{"start":{"line":32,"column":2},"end":{"line":32,"column":2}},{"start":{"line":32,"column":2},"end":{"line":32,"column":2}}]},"5":{"line":49,"type":"if","locations":[{"start":{"line":49,"column":2},"end":{"line":49,"column":2}},{"start":{"line":49,"column":2},"end":{"line":49,"column":2}}]},"6":{"line":49,"type":"binary-expr","locations":[{"start":{"line":49,"column":5},"end":{"line":49,"column":29}},{"start":{"line":49,"column":33},"end":{"line":49,"column":55}}]},"7":{"line":53,"type":"if","locations":[{"start":{"line":53,"column":2},"end":{"line":53,"column":2}},{"start":{"line":53,"column":2},"end":{"line":53,"column":2}}]},"8":{"line":55,"type":"if","locations":[{"start":{"line":55,"column":4},"end":{"line":55,"column":4}},{"start":{"line":55,"column":4},"end":{"line":55,"column":4}}]},"9":{"line":59,"type":"if","locations":[{"start":{"line":59,"column":6},"end":{"line":59,"column":6}},{"start":{"line":59,"column":6},"end":{"line":59,"column":6}}]},"10":{"line":72,"type":"if","locations":[{"start":{"line":72,"column":2},"end":{"line":72,"column":2}},{"start":{"line":72,"column":2},"end":{"line":72,"column":2}}]},"11":{"line":74,"type":"if","locations":[{"start":{"line":74,"column":4},"end":{"line":74,"column":4}},{"start":{"line":74,"column":4},"end":{"line":74,"column":4}}]},"12":{"line":78,"type":"if","locations":[{"start":{"line":78,"column":6},"end":{"line":78,"column":6}},{"start":{"line":78,"column":6},"end":{"line":78,"column":6}}]},"13":{"line":104,"type":"if","locations":[{"start":{"line":104,"column":2},"end":{"line":104,"column":2}},{"start":{"line":104,"column":2},"end":{"line":104,"column":2}}]},"14":{"line":110,"type":"if","locations":[{"start":{"line":110,"column":4},"end":{"line":110,"column":4}},{"start":{"line":110,"column":4},"end":{"line":110,"column":4}}]},"15":{"line":133,"type":"if","locations":[{"start":{"line":133,"column":4},"end":{"line":133,"column":4}},{"start":{"line":133,"column":4},"end":{"line":133,"column":4}}]},"16":{"line":138,"type":"if","locations":[{"start":{"line":138,"column":6},"end":{"line":138,"column":6}},{"start":{"line":138,"column":6},"end":{"line":138,"column":6}}]},"17":{"line":159,"type":"if","locations":[{"start":{"line":159,
[...]
column":2},"end":{"line":13,"column":34}},"12":{"start":{"line":15,"column":2},"end":{"line":17,"column":3}},"13":{"start":{"line":16,"column":4},"end":{"line":16,"column":42}},"14":{"start":{"line":18,"column":2},"end":{"line":18,"column":10}},"15":{"start":{"line":19,"column":2},"end":{"line":27,"column":3}},"16":{"start":{"line":20,"column":4},"end":{"line":20,"column":62}},"17":{"start":{"line":22,"column":4},"end":{"line":22,"column":27}},"18":{"start":{"line":23,"column":4},"end":{"line":25,"column":7}},"19":{"start":{"line":24,"column":6},"end":{"line":24,"column":62}},"20":{"start":{"line":26,"column":4},"end":{"line":26,"column":65}},"21":{"start":{"line":29,"column":2},"end":{"line":29,"column":23}},"22":{"start":{"line":31,"column":2},"end":{"line":35,"column":3}},"23":{"start":{"line":32,"column":4},"end":{"line":32,"column":67}},"24":{"start":{"line":33,"column":4},"end":{"line":33,"column":30}},"25":{"start":{"line":34,"column":4},"end":{"line":34,"column":41}},"26":{"start":{"line":37,"column":2},"end":{"line":37,"column":108}},"27":{"start":{"line":39,"column":2},"end":{"line":39,"column":61}},"28":{"start":{"line":41,"column":0},"end":{"line":41,"column":43}},"29":{"start":{"line":43,"column":0},"end":{"line":60,"column":2}},"30":{"start":{"line":44,"column":2},"end":{"line":44,"column":122}},"31":{"start":{"line":45,"column":2},"end":{"line":45,"column":23}},"32":{"start":{"line":46,"column":2},"end":{"line":46,"column":37}},"33":{"start":{"line":47,"column":2},"end":{"line":47,"column":27}},"34":{"start":{"line":50,"column":2},"end":{"line":50,"column":52}},"35":{"start":{"line":52,"column":2},"end":{"line":57,"column":3}},"36":{"start":{"line":53,"column":4},"end":{"line":53,"column":99}},"37":{"start":{"line":54,"column":4},"end":{"line":54,"column":23}},"38":{"start":{"line":56,"column":4},"end":{"line":56,"column":76}},"39":{"start":{"line":59,"column":2},"end":{"line":59,"column":59}},"40":{"start":{"line":61,"column":0},"end":{"line":61,"column":39}},"41":{"start":{"line":64,"column":0},"end":{"line":72,"column":2}},"42":{"start":{"line":65,"column":2},"end":{"line":65,"column":61}},"43":{"start":{"line":65,"column":33},"end":{"line":65,"column":59}},"44":{"start":{"line":66,"column":2},"end":{"line":66,"column":56}},"45":{"start":{"line":66,"column":28},"end":{"line":66,"column":54}},"46":{"start":{"line":68,"column":2},"end":{"line":68,"column":37}},"47":{"start":{"line":69,"column":2},"end":{"line":69,"column":38}},"48":{"start":{"line":70,"column":2},"end":{"line":70,"column":126}},"49":{"start":{"line":71,"column":2},"end":{"line":71,"column":57}},"50":{"start":{"line":73,"column":0},"end":{"line":73,"column":49}},"51":{"start":{"line":75,"column":0},"end":{"line":85,"column":2}},"52":{"start":{"line":76,"column":2},"end":{"line":76,"column":48}},"53":{"start":{"line":78,"column":2},"end":{"line":78,"column":51}},"54":{"start":{"line":80,"column":2},"end":{"line":80,"column":52}},"55":{"start":{"line":80,"column":23},"end":{"line":80,"column":50}},"56":{"start":{"line":82,"column":2},"end":{"line":82,"column":43}},"57":{"start":{"line":84,"column":2},"end":{"line":84,"column":67}},"58":{"start":{"line":86,"column":0},"end":{"line":86,"column":39}},"59":{"start":{"line":88,"column":0},"end":{"line":126,"column":2}},"60":{"start":{"line":89,"column":2},"end":{"line":89,"column":31}},"61":{"start":{"line":90,"column":2},"end":{"line":95,"column":3}},"62":{"start":{"line":92,"column":4},"end":{"line":92,"column":21}},"63":{"start":{"line":93,"column":4},"end":{"line":93,"column":22}},"64":{"start":{"line":94,"column":4},"end":{"line":94,"column":17}},"65":{"start":{"line":97,"column":2},"end":{"line":100,"column":3}},"66":{"start":{"line":99,"column":4},"end":{"line":99,"column":35}},"67":{"start":{"line":102,"column":2},"end":{"line":123,"column":3}},"68":{"start":{"line":103,"column":4},"end":{"line":103,"column":34}},"69":{"start":{"line":105,"column":4},"end":{"line":122,"column":5}},"70":{"start":{"line":106,"column":6},"end":{"line":106,"column":56}},"71":{"start":{"line":107,"column":6},"end":{"line":107,"column":58}},"72":{"start":{"line":108,"column":6},"end":{"line":119,"column":7}},"73":{"start":{"line":111,"column":8},"end":{"line":111,"column":72}},"74":{"start":{"line":114,"column":8},"end":{"line":116,"column":9}},"75":{"start":{"line":115,"column":10},"end":{"line":115,"column":31}},"76":{"start":{"line":118,"column":8},"end":{"line":118,"column":75}},"77":{"start":{"line":121,"column":6},"end":{"line":121,"column":73}},"78":{"start":{"line":125,"column":2},"end":{"line":125,"column":15}},"79":{"start":{"line":128,"column":0},"end":{"line":144,"column":2}},"80":{"start":{"line":129,"column":2},"end":{"line":129,"column":43}},"81":{"start":{"line":130,"column":2},"end":{"line":130,"column":15}},"82":{"start":{"line":131,"column":2},"end":{"line":143,"column":5}},"83":{"start":{"line":132,"column":4},"end":{"line":142,"column":5}},"84":{"start":{"line":133,"column":6},"end":{"line":133,"column":26}},"85":{"start":{"line":136,"column":6},"end":{"line":140,"column":7}},"86":{"start":{"line":137,"column":8},"end":{"line":137,"column":43}},"87":{"start":{"line":139,"column":8},"end":{"line":139,"column":40}},"88":{"start":{"line":141,"column":6},"end":{"line":141,"column":26}}},"branchMap":{"1":{"line":12,"type":"binary-expr","locations":[{"start":{"line":12,"column":9},"end":{"line":12,"column":25}},{"start":{"line":12,"column":29},"end":{"line":12,"column":45}}]},"2":{"line":15,"type":"if","locations":[{"start":{"line":15,"column":2},"end":{"line":15,"column":2}},{"start":{"line":15,"column":2},"end":{"line":15,"column":2}}]},"3":{"line":19,"type":"if","locations":[{"start":{"line":19,"column":2},"end":{"line":19,"column":2}},{"start":{"line":19,"column":2},"end":{"line":19,"column":2}}]},"4":{"line":31,"type":"if","locations":[{"start":{"line":31,"column":2},"end":{"line":31,"column":2}},{"start":{"line":31,"column":2},"end":{"line":31,"column":2}}]},"5":{"line":52,"type":"if","locations":[{"start":{"line":52,"column":2},"end":{"line":52,"column":2}},{"start":{"line":52,"column":2},"end":{"line":52,"column":2}}]},"6":{"line":65,"type":"if","locations":[{"start":{"line":65,"column":2},"end":{"line":65,"column":2}},{"start":{"line":65,"column":2},"end":{"line":65,"column":2}}]},"7":{"line":66,"type":"if","locations":[{"start":{"line":66,"column":2},"end":{"line":66,"column":2}},{"start":{"line":66,"column":2},"end":{"line":66,"column":2}}]},"8":{"line":80,"type":"if","locations":[{"start":{"line":80,"column":2},"end":{"line":80,"column":2}},{"start":{"line":80,"column":2},"end":{"line":80,"column":2}}]},"9":{"line":90,"type":"if","locations":[{"start":{"line":90,"column":2},"end":{"line":90,"column":2}},{"start":{"line":90,"column":2},"end":{"line":90,"column":2}}]},"10":{"line":90,"type":"binary-expr","locations":[{"start":{"line":90,"column":5},"end":{"line":90,"column":29}},{"start":{"line":90,"column":33},"end":{"line":90,"column":50}}]},"11":{"line":97,"type":"if","locations":[{"start":{"line":97,"column":2},"end":{"line":97,"column":2}},{"start":{"line":97,"column":2},"end":{"line":97,"column":2}}]},"12":{"line":102,"type":"if","locations":[{"start":{"line":102,"column":2},"end":{"line":102,"column":2}},{"start":{"line":102,"column":2},"end":{"line":102,"column":2}}]},"13":{"line":105,"type":"if","locations":[{"start":{"line":105,"column":4},"end":{"line":105,"column":4}},{"start":{"line":105,"column":4},"end":{"line":105,"column":4}}]},"14":{"line":108,"type":"if","locations":[{"start":{"line":108,"column":6},"end":{"line":108,"column":6}},{"start":{"line":108,"column":6},"end":{"line":108,"column":6}}]},"15":{"line":114,"type":"if","locations":[{"start":{"line":114,"column":8},"end":{"line":114,"column":8}},{"start":{"line":114,"column":8},"end":{"line":114,"column":8}}]},"16":{"line":114,"type":"binary-expr","locations":[{"start":{"line":114,"column":13},"end":{"line":114,"column":30}},{"start":{"line":114,"column":34},"end":{"line":114,"column":50}},{"start":{"line":114,"column":55},"end":{"line":114,"column":87}}]},"17":{"line":132,"type":"if","locations":[{"start":{"line":132,"column":4},"end":{"line":132,"column":4}},{"start":{"line":132,"column":4},"end":{"line":132,"column":4}}]},"18":{"line":136,"type":"if","locations":[{"start":{"line":136,"column":6},"end":{"line":136,"column":6}},{"start":{"line":136,"column":6},"end":{"line":136,"column":6}}]}},"code":["var _ = require(\"underscore\")._;","var assert = require(\"assert\");","var util = require('util');","var Document = require(\"./document\");","var Where = require(\"./where\");","var ArgTypes = require(\"./arg_types\");","var DA = require(\"deasync\");","","//Searching query for jsonb docs","exports.searchDoc = function(){","  var args = ArgTypes.searchArgs(arguments, this);","  assert(args.fields.keys && args.fields.term, \"Need the keys to use and the term string\");","  var params = [args.fields.term];","  //yuck full repetition here... fix me...","  if(!_.isArray(args.fields.keys)){","    args.fields.keys = [args.fields.keys];","  }","  var tsv;","  if(args.fields.keys.length === 1){","    tsv = util.format(\"(body ->> '%s')\", args.fields.keys[0]);","  }else{","    var formattedKeys = [];","    _.each(args.fields.keys, function(key){","      formattedKeys.push(util.format(\"(body ->> '%s')\", key));","    });","    tsv= util.format(\"concat(%s)\", formattedKeys.join(\", ' ',\"));","  }","","  var whereString = \"\";","","  if (args.fields.where) {","    var where = this.getWhereForDoc(args.fields.where, 1, \" AND \");","    whereString = where.where;","    params = params.concat(where.params);","  }","","  var sql = args.query.format(util.format(\" WHERE to_tsvector(%s) @@ to_tsquery($1) %s\", tsv, whereString));","","  this.executeDocQuery(sql, params, args.options, args.next);","};","exports.searchDocSync = DA(this.searchDoc);","","exports.saveDoc = function(args, next) {","  assert(_.isObject(args), \"Please pass in the document for saving as an object. Include the primary key for an UPDATE.\");","  var sql, params = [];","  var pkName = this.primaryKeyName();","  var pkVal = args[pkName];","","  // if there's a primary key, don't store it in the body as well","  params.push(JSON.stringify(_.omit(args, pkName)));","","  if (pkVal) {","    sql = util.format(\"update %s set body = $1 where %s = $2 returning *;\", this.fullname, pkName);","    params.push(pkVal);","  } else {","    sql = \"insert into \" + this.fullname + \"(body) values($1) returning *;\";","  }","","  this.executeDocQuery(sql, params, {single : true}, next);","};","exports.saveDocSync = DA(this.saveDoc);","","// Only works for jsonb column type and Postgresql 9.5","exports.setAttribute = function(id, key, val, next){","  if (typeof val === 'string') { val = JSON.stringify(val); }","  if (Array.isArray(val)) { val = JSON.stringify(val); }","","  var pkName = this.primaryKeyName();","  var params = [\"{\"+key+\"}\", val, id];","  var sql = util.format(\"update %s set body=jsonb_set(body, $1, $2, true) where %s = $3 returning *;\", this.fullname, pkName);","  this.executeDocQuery(sql, params, {single:true}, next);","};","exports.setAttributeSync = DA(this.setAttribute);","","exports.findDoc = function() {","  var args = ArgTypes.findArgs(arguments, this);","","  var where = this.getWhereForDoc(args.conditions);","","  if (where.pkQuery) { args.options.single = true; }","","  var sql = args.query.format(where.where);","","  this.executeDocQuery(sql, where.params, args.options, args.next);","};","exports.findDocSync = DA(this.findDoc);","","this.getWhereForDoc = function(conditions, offset, prefix) {","  var where = {pkQuery: false};","  if(_.isFunction(conditions) || conditions == \"*\") {","    // no criteria provided - treat like select *","    where.where = \"\";","    where.params = [];","    return where;","  }","","  if (Where.isPkSearch(conditions)) {","    //assume it's a search on ID","    conditions = {id : conditions};","  }","","  if (_.isObject(conditions)) {","    var keys = _.keys(conditions);","","    if (keys.length === 1) {","      var operator = keys[0].match(\"<=|>=|!=|<>|=|<|>\");","      var property = keys[0].replace(operator, \"\").trim();","      if (property == this.primaryKeyName()) {","        // this is a query against the PK...we can use the","        // plain old table \"where\" builder:","        where = Where.forTable(conditions, 'predicate', offset, prefix);","","        // only a true pk query if testing equality","        if ((operator === null || operator === \"=\") && !_.isObject(conditions[keys[0]])) {","          where.pkQuery = true;","        }","      } else {","        where = Where.forTable(conditions, 'docPredicate', offset, prefix);","      }","    } else {","      where = Where.forTable(conditions, 'docPredicate', offset, prefix);","    }","  }","","  return where;","};","","this.executeDocQuery = function() {","  var args = ArgTypes.queryArgs(arguments);","  var doc = {};","  this.db.query(args.sql, args.params, args.options, function(err,res){","    if(err){","      args.next(err,null);","    }else{","      //only return one result if single is sent in","      if(args.options.single){","        doc = Document.formatDocument(res);","      }else{","        doc = Document.formatArray(res);","      }","      args.next(null,doc);","    }","  });","};",""],"l":{"1":1,"2":1,"3":1,"4":1,"5":1,"6":1,"7":1,"10":1,"11":0,"12":0,"13":0,"15":0,"16":0,"18":0,"19":0,"20":0,"22":0,"23":0,"24":0,"26":0,"29":0,"31":0,"32":0,"33":0,"34":0,"37":0,"39":0,"41":1,"43":1,"44":0,"45":0,"46":0,"47":0,"50":0,"52":0,"53":0,"54":0,"56":0,"59":0,"61":1,"64":1,"65":0,"66":0,"68":0,"69":0,"70":0,"71":0,"73":1,"75":1,"76":0,"78":0,"80":0,"82":0,"84":0,"86":1,"88":1,"89":0,"90":0,"92":0,"93":0,"94":0,"97":0,"99":0,"102":0,"103":0,"105":0,"106":0,"107":0,"108":0,"111":0,"114":0,"115":0,"118":0,"121":0,"125":0,"128":1,"129":0,"130":0,"131":0,"132":0,"133":0,"136":0,"137":0,"139":0,"141":0}},"/home/travis/build/npmtest/node-npmtest-massive/node_modules/massive/lib/document.js":{"path":"/home/travis/build/npmtest/node-npmtest-massive/node_modules/massive/lib/document.js","s":{"1":1,"2":1,"3":0,"4":0,"5":0,"6":0,"7":1,"8":0,"9":0,"10":0,"11":0,"12":0},"b":{"1":[0,0],"2":[0,0],"3":[0,0]},"f":{"1":0,"2":0,"3":0},"fnMap":{"1":{"name":"(anonymous_1)","line":4,"loc":{"start":{"line":4,"column":22},"end":{"line":4,"column":36}}},"2":{"name":"(anonymous_2)","line":7,"loc":{"start":{"line":7,"column":15},"end":{"line":7,"column":28}}},"3":{"name":"(anonymous_3)","line":13,"loc":{"start":{"line":13,"column":25},"end":{"line":13,"column":39}}}},"statementMap":{"1":{"start":{"line":1,"column":0},"end":{"line":1,"column":32}},"2":{"start":{"line":4,"column":0},"end":{"line":11,"column":2}},"3":{"start":{"line":6,"column":2},"end":{"line":6,"column":18}},"4":{"start":{"line":7,"column":2},"end":{"line":9,"column":16}},"5":{"start":{"line":8,"column":4},"end":{"line":8,"column":42}},"6":{"start":{"line":10,"column":2},"end":{"line":10,"column":16}},"7":{"start":{"line":13,"column":0},"end":{"line":20,"column":2}},"8":{"start":{"line":14,"column":2},"end":{"line":14,"column":23}},"9":{"start":{"line":15,"column":2},"end":{"line":18,"column":3}},"10":{"start":{"line":16,"column":4},"end":{"line":16,"column":32}},"11":{"start":{"line":17,"column":4},"end":{"line":17,"column":35}},"12":{"start":{"line":19,"column":2},"end":{"line":19,"column":19}}},"branchMap":{"1":{"line":15,"type":"if","locations":[{"start":{"line":15,"column":2},"end":{"line":15,"column":2}},{"start":{"line":15,"column":2},"end":{"line":15,"column":2}}]},"2":{"line":16,"type":"binary-expr","locations":[{"start":{"line":16,"column":16},"end":{"line":16,"column":25}},{"start":{"line":16,"column":29},"end":{"line":16,"column":31}}]},"3":{"line":17,"type":"binary-expr","locations":[{"start":{"line":17,"column":19},"end":{"line":17,"column":26}},{"start":{"line":17,"column":30},"end":{"line":17,"column":34}}]}},"code":["var _ = require(\"underscore\")._;","","//A simple helper function to manage document ids","exports.formatArray = function(args){","","  var result = [];","  _.each(args, function(doc){","    result.push(this.formatDocument(doc));","  }.bind(this));","  return result;","};","","exports.formatDocument = function(args){","  var returnDoc = null;","  if(args){","    returnDoc = args.body || {};","    returnDoc.id = args.id || null;","  }","  return returnDoc;","};",""],"l":{"1":1,"4":1,"6":0,"7":0,"8":0,"10":0,"13":1,"14":0,"15":0,"16":0,"17":0,"19":0}},"/home/travis/build/npmtest/node-npmtest-massive/node_modules/massive/bin/massive.js":{"path":"/home/travis/build/npmtest/node-npmtest-massive/node_modules/massive/bin/massive.js","s":{"1":1,"2":1,"3":1,"4":1,"5":1,"6":1,"7":0,"8":1,"9":0,"10":1,"11":1,"12":1,"13":1,"14":0,"15":0,"16":0,"17":0},"b":{"1":[0,1],"2":[0,1],"3":[0,1]},"f":{"1":0},"fnMap":{"1":{"name":"(anonymous_1)","line":27,"loc":{"start":{"line":27,"column":57},"end":{"line":27,"column":73}}}},"statementMap":{"1":{"start":{"line":5,"column":0},"end":{"line":5,"column":27}},"2":{"start":{"line":6,"column":0},"end":{"line":6,"column":34}},"3":{"start":{"line":7,"column":0},"end":{"line":7,"column":35}},"4":{"start":{"line":9,"column":0},"end":{"line":13,"column":23}},"5":{"start":{"line":15,"column":0},"end":{"line":15,"column":21}},"6":{"start":{"line":16,"column":0},"end":{"line":24,"column":1}},"7":{"start":{"line":17,"column":2},"end":{"line":17,"column":63}},"8":{"start":{"line":18,"column":6},"end":{"line":24,"column":1}},"9":{"start":{"line":19,"column":2},"end":{"line":19,"column":37}},"10":{"start":{"line":21,"column":2},"end":{"line":21,"column":45}},"11":{"start":{"line":22,"column":2},"end":{"line":22,"column":68}},"12":{"start":{"line":23,"column":2},"end":{"line":23,"column":116}},"13":{"start":{"line":26,"column":0},"end":{"line":34,"column":1}},"14":{"start":{"line":27,"column":2},"end":{"line":33,"column":5}},"15":{"start":{"line":28,"column":4},"end":{"line":30,"column":15}},"16":{"start":{"line":31,"column":4},"end":{"line":31,"column":20}},"17":{"start":{"line":32,"column":4},"end":{"line":32,"column":48}}},"branchMap":{"1":{"line":16,"type":"if","locations":[{"start":{"line":16,"column":0},"end":{"line":16,"column":0}},{"start":{"line":16,"column":0},"end":{"line":16,"column":0}}]},"2":{"line":18,"type":"if","locations":[{"start":{"line":18,"column":6},"end":{"line":18,"column":6}},{"start":{"line":18,"column":6},"end":{"line":18,"column":6}}]},"3":{"line":26,"type":"if","locations":[{"start":{"line":26,"column":0},"end":{"line":26,"column":0}},{"start":{"line":26,"column":0},"end":{"line":26,"column":0}}]}},"code":["//#!/usr/bin/env node","","/* eslint-disable no-console */","","var repl = require(\"repl\");","var massive = require(\"../index\");","var program = require('commander');","","program","  .version('0.0.1')","  .option('-d, --database', 'The local db you want to connect to ')","  .option('-c, --connection', 'The full connection string')","  .parse(process.argv);","","var connectionString;","if(program.database){","  connectionString = \"postgres://localhost/\" + program.args[0]; //assume local user has rights","}else if(program.connection) {","  connectionString = program.args[0];","}else{","  console.log(\"The options to pass in are:\");","  console.log(\" -d or --database to connect locally to a database\");","  console.log(\" -c or --connection to enter the full connection string: postgres://user:password@server/tablename\");","}","","if(connectionString){","  massive.connect({connectionString : connectionString}, function(err,db){","    var context = repl.start({","      prompt: \"db > \"","    }).context;","    context.db = db;","    console.log(\"Massive loaded and listening\");","  });","}",""],"l":{"5":1,"6":1,"7":1,"9":1,"15":1,"16":1,"17":0,"18":1,"19":0,"21":1,"22":1,"23":1,"26":1,"27":0,"28":0,"31":0,"32":0}}}